a2a3 : ....2 298 moves, avg. D31, 025 counts/move
a2a4 : .......23 moves, avg. D04, 005 counts/move
b2b3 : ....1 244 moves, avg. D32, 013 counts/move
b2b4 : ......212 moves, avg. D29, 007 counts/move
c2c3 : ....3 406 moves, avg. D30, 018 counts/move
c2c4 : 1 000 000 moves, avg. D33, 042 counts/move
d2d3 : ......763 moves, avg. D31, 014 counts/move
d2d4 : 1 000 000 moves, avg. D32, 034 counts/move
e2e3 : 1 000 000 moves, avg. D31, 029 counts/move
e2e4 : 1 000 000 moves, avg. D37, 054 counts/move
f2f3 : .......20 moves, avg. D01, 001 counts/move
f2f4 : ....5 711 moves, avg. D29, 014 counts/move
g2g3 : 1 000 000 moves, avg. D33, 049 counts/move
g2g4 : ....1 063 moves, avg. D33, 012 counts/move
h2h3 : .......44 moves, avg. D10, 009 counts/move
h2h4 : .......21 moves, avg. D03, 006 counts/move
b1a3 : .......21 moves, avg. D03, 005 counts/move
b1c3 : 1 000 000 moves, avg. D32, 040 counts/move
g1f3 : 1 000 000 moves, avg. D31, 032 counts/move
g1h3 : .......20 moves, avg. D01, 001 counts/move

Experience Rate : 60%
