a2a3 : ...97 435 moves, avg. D09, 118 counts/move
a2a4 : ...56 171 moves, avg. D11, 120 counts/move
b2b3 : ...67 325 moves, avg. D21, 108 counts/move
b2b4 : ...58 271 moves, avg. D10, 115 counts/move
c2c3 : ..867 455 moves, avg. D17, 117 counts/move
c2c4 : 1 000 000 moves, avg. D30, 066 counts/move
d2d3 : ..235 587 moves, avg. D13, 117 counts/move
d2d4 : 1 000 000 moves, avg. D31, 068 counts/move
e2e3 : 1 000 000 moves, avg. D31, 085 counts/move
e2e4 : 1 000 000 moves, avg. D35, 073 counts/move
f2f3 : ..571 324 moves, avg. D26, 109 counts/move
f2f4 : ...91 406 moves, avg. D18, 114 counts/move
g2g3 : 1 000 000 moves, avg. D29, 078 counts/move
g2g4 : 1 000 000 moves, avg. D23, 102 counts/move
h2h3 : ...47 755 moves, avg. D15, 118 counts/move
h2h4 : ...33 648 moves, avg. D10, 119 counts/move
b1a3 : ...30 280 moves, avg. D13, 117 counts/move
b1c3 : 1 000 000 moves, avg. D36, 077 counts/move
g1f3 : 1 000 000 moves, avg. D30, 068 counts/move
g1h3 : ...52 209 moves, avg. D20, 116 counts/move

Experience Rate : 100%
