a2a3 : ...13 847 moves, avg. D54, 018 counts/move
a2a4 : ...80 790 moves, avg. D46, 019 counts/move
b2b3 : 1 000 000 moves, avg. D39, 026 counts/move
b2b4 : ......214 moves, avg. D31, 010 counts/move
c2c3 : 1 000 000 moves, avg. D40, 028 counts/move
c2c4 : 1 000 000 moves, avg. D34, 031 counts/move
d2d3 : 1 000 000 moves, avg. D37, 036 counts/move
d2d4 : 1 000 000 moves, avg. D33, 030 counts/move
e2e3 : 1 000 000 moves, avg. D33, 031 counts/move
e2e4 : 1 000 000 moves, avg. D34, 030 counts/move
f2f3 : .......22 moves, avg. D04, 002 counts/move
f2f4 : ...21 664 moves, avg. D39, 017 counts/move
g2g3 : 1 000 000 moves, avg. D35, 033 counts/move
g2g4 : ....1 165 moves, avg. D33, 012 counts/move
h2h3 : .......45 moves, avg. D11, 011 counts/move
h2h4 : ......294 moves, avg. D39, 016 counts/move
b1a3 : ......247 moves, avg. D41, 017 counts/move
b1c3 : 1 000 000 moves, avg. D35, 034 counts/move
g1f3 : 1 000 000 moves, avg. D33, 031 counts/move
g1h3 : .......27 moves, avg. D09, 004 counts/move

Experience Rate : 70%
