f2f4 e7e5 f4e5                                                                                                : ......598 moves, avg. D26, 115 counts/move
g1f3 f7f5 e2e4                                                                                                : .......58 moves, avg. D18, 051 counts/move
d2d4 e7e5 d4e5 b8c6 g1f3 d8e7                                                                                 : .......38 moves, avg. D05, 012 counts/move
d2d4 f7f5 e2e4 f5e4 b1c3 g8f6                                                                                 : ......579 moves, avg. D38, 094 counts/move
e2e4 c7c5 b2b4 c5b4                                                                                           : .......57 moves, avg. D23, 063 counts/move
e2e4 c7c5 d2d4 c5d4 c2c3 d4c3 b1c3                                                                            : ......214 moves, avg. D26, 061 counts/move
e2e4 e7e5 d2d4 e5d4 c2c3 d4c3 b1c3                                                                            : .......62 moves, avg. D11, 029 counts/move
e2e4 e7e5 f1c4 g8f6 d2d4 e5d4 g1f3                                                                            : ....6 690 moves, avg. D35, 104 counts/move
e2e4 e7e5 b1c3 g8f6 f1c4 f6e4 d1h5 e4d6 c4b3 b8c6 c3b5 g7g6 h5f3 f7f5                                         : .......86 moves, avg. D24, 057 counts/move
e2e4 e7e5 b1c3 g8f6 f2f4                                                                                      : ......549 moves, avg. D37, 086 counts/move
e2e4 e7e5 f2f4 d7d5 e4d5                                                                                      : ......319 moves, avg. D38, 085 counts/move
e2e4 e7e5 f2f4 e5f4 g1f3 g7g5 f1c4                                                                            : ......129 moves, avg. D26, 066 counts/move
e2e4 e7e5 f2f4 e5f4 g1f3 g7g5 f1c4 g5g4 e1g1 g4f3 d1f3                                                        : .......57 moves, avg. D12, 027 counts/move
e2e4 e7e5 g1f3 f7f5                                                                                           : ......343 moves, avg. D36, 089 counts/move
e2e4 e7e5 g1f3 d7d6 d2d4 f7f5                                                                                 : .......74 moves, avg. D16, 043 counts/move
e2e4 e7e5 g1f3 g8f6 f3e5 d7d6 e5f7 e8f7                                                                       : .......42 moves, avg. D05, 012 counts/move
e2e4 e7e5 g1f3 b8c6 d2d4 e5d4 c2c3 d4c3 b1c3                                                                  : .......57 moves, avg. D09, 017 counts/move
e2e4 e7e5 g1f3 b8c6 b1c3 g8f6 f3e5                                                                            : .......46 moves, avg. D12, 034 counts/move
e2e4 e7e5 g1f3 b8c6 f1c4 c6d4 f3e5 d8g5 c4f7                                                                  : ........2 moves, avg. D01, 001 counts/move
e2e4 e7e5 g1f3 b8c6 f1c4 f8c5 b2b4 c5b4 c2c3                                                                  : ....4 554 moves, avg. D40, 099 counts/move
e2e4 e7e5 g1f3 b8c6 f1b5 f7f5                                                                                 : ......739 moves, avg. D36, 092 counts/move
e2e4 e7e5 g1f3 b8c6 f1b5 a7a6 b5a4 g8f6 e1g1 f8e7 f1e1 b7b5 a4b3 e8g8 c2c3 d7d5 e4d5 f6d5 f3e5 c6e5 e1e5 c7c6 : ..803 900 moves, avg. D31, 090 counts/move
d2d4 d7d5 e2e4 d5e4 b1c3 g8f6 f2f3                                                                            : ......231 moves, avg. D31, 076 counts/move
d2d4 d7d5 c2c4 e7e5 d4e5 d5d4                                                                                 : ....1 516 moves, avg. D34, 101 counts/move
d2d4 g8f6 c2c4 e7e6 g1f3 c7c5 d4d5 b7b5                                                                       : ......172 moves, avg. D28, 080 counts/move

Experience Rate : 16%
