a2a3 a7a5 : .......19 moves, avg. D01, 001 counts/move
a2a3 a7a6 : .......19 moves, avg. D01, 001 counts/move
a2a3 b7b5 : .......19 moves, avg. D01, 001 counts/move
a2a3 b7b6 : .......19 moves, avg. D01, 001 counts/move
a2a3 c7c5 : ......190 moves, avg. D24, 095 counts/move
a2a3 c7c6 : .......19 moves, avg. D01, 001 counts/move
a2a3 b8a6 : .......19 moves, avg. D01, 001 counts/move
a2a3 b8c6 : .......19 moves, avg. D01, 001 counts/move
a2a3 g8f6 : .......19 moves, avg. D01, 001 counts/move
a2a3 g8h6 : .......19 moves, avg. D01, 001 counts/move
a2a3 d7d5 : .......19 moves, avg. D01, 001 counts/move
a2a3 d7d6 : .......19 moves, avg. D01, 001 counts/move
a2a3 e7e5 : .......19 moves, avg. D01, 001 counts/move
a2a3 e7e6 : .......19 moves, avg. D01, 001 counts/move
a2a3 f7f5 : .......19 moves, avg. D01, 001 counts/move
a2a3 f7f6 : .......19 moves, avg. D01, 001 counts/move
a2a3 g7g5 : .......19 moves, avg. D01, 001 counts/move
a2a3 g7g6 : .......19 moves, avg. D01, 001 counts/move
a2a3 h7h5 : .......19 moves, avg. D01, 001 counts/move
a2a3 h7h6 : .......19 moves, avg. D01, 001 counts/move
a2a4 a7a5 : .......20 moves, avg. D01, 001 counts/move
a2a4 a7a6 : .......21 moves, avg. D01, 001 counts/move
a2a4 b7b5 : .......22 moves, avg. D01, 001 counts/move
a2a4 b7b6 : .......21 moves, avg. D01, 001 counts/move
a2a4 c7c5 : .......21 moves, avg. D01, 001 counts/move
a2a4 c7c6 : .......21 moves, avg. D01, 001 counts/move
a2a4 b8a6 : .......21 moves, avg. D01, 001 counts/move
a2a4 b8c6 : .......21 moves, avg. D01, 001 counts/move
a2a4 g8f6 : .......21 moves, avg. D01, 001 counts/move
a2a4 g8h6 : .......21 moves, avg. D01, 001 counts/move
a2a4 d7d5 : .......21 moves, avg. D01, 001 counts/move
a2a4 d7d6 : .......21 moves, avg. D01, 001 counts/move
a2a4 e7e5 : .......22 moves, avg. D02, 006 counts/move
a2a4 e7e6 : .......21 moves, avg. D01, 001 counts/move
a2a4 f7f5 : .......21 moves, avg. D01, 001 counts/move
a2a4 f7f6 : .......21 moves, avg. D01, 001 counts/move
a2a4 g7g5 : .......21 moves, avg. D01, 001 counts/move
a2a4 g7g6 : .......21 moves, avg. D01, 001 counts/move
a2a4 h7h5 : .......21 moves, avg. D01, 001 counts/move
a2a4 h7h6 : .......21 moves, avg. D01, 001 counts/move
b2b3 a7a5 : .......21 moves, avg. D01, 001 counts/move
b2b3 a7a6 : .......21 moves, avg. D01, 001 counts/move
b2b3 b7b5 : .......21 moves, avg. D01, 001 counts/move
b2b3 b7b6 : .......21 moves, avg. D01, 001 counts/move
b2b3 c7c5 : .......21 moves, avg. D01, 001 counts/move
b2b3 c7c6 : .......21 moves, avg. D01, 001 counts/move
b2b3 b8a6 : .......21 moves, avg. D01, 001 counts/move
b2b3 b8c6 : .......21 moves, avg. D01, 001 counts/move
b2b3 g8f6 : .......21 moves, avg. D01, 001 counts/move
b2b3 g8h6 : .......21 moves, avg. D01, 001 counts/move
b2b3 d7d5 : .......22 moves, avg. D03, 006 counts/move
b2b3 d7d6 : .......21 moves, avg. D01, 001 counts/move
b2b3 e7e5 : .......32 moves, avg. D04, 008 counts/move
b2b3 e7e6 : .......22 moves, avg. D02, 006 counts/move
b2b3 f7f5 : .......21 moves, avg. D01, 001 counts/move
b2b3 f7f6 : .......21 moves, avg. D01, 001 counts/move
b2b3 g7g5 : .......21 moves, avg. D01, 001 counts/move
b2b3 g7g6 : .......21 moves, avg. D01, 001 counts/move
b2b3 h7h5 : .......21 moves, avg. D01, 001 counts/move
b2b3 h7h6 : .......21 moves, avg. D01, 001 counts/move
b2b4 a7a5 : .......22 moves, avg. D01, 001 counts/move
b2b4 a7a6 : .......21 moves, avg. D01, 001 counts/move
b2b4 b7b5 : .......20 moves, avg. D01, 001 counts/move
b2b4 b7b6 : .......21 moves, avg. D01, 001 counts/move
b2b4 c7c5 : .......22 moves, avg. D01, 001 counts/move
b2b4 c7c6 : .......21 moves, avg. D01, 001 counts/move
b2b4 b8a6 : .......21 moves, avg. D01, 001 counts/move
b2b4 b8c6 : .......21 moves, avg. D01, 001 counts/move
b2b4 g8f6 : .......21 moves, avg. D01, 001 counts/move
b2b4 g8h6 : .......21 moves, avg. D01, 001 counts/move
b2b4 d7d5 : .......21 moves, avg. D01, 001 counts/move
b2b4 d7d6 : .......21 moves, avg. D01, 001 counts/move
b2b4 e7e5 : .......21 moves, avg. D01, 001 counts/move
b2b4 e7e6 : .......21 moves, avg. D01, 001 counts/move
b2b4 f7f5 : .......21 moves, avg. D01, 001 counts/move
b2b4 f7f6 : .......21 moves, avg. D01, 001 counts/move
b2b4 g7g5 : .......21 moves, avg. D01, 001 counts/move
b2b4 g7g6 : .......21 moves, avg. D01, 001 counts/move
b2b4 h7h5 : .......21 moves, avg. D01, 001 counts/move
b2b4 h7h6 : .......21 moves, avg. D01, 001 counts/move
c2c3 a7a5 : .......21 moves, avg. D01, 001 counts/move
c2c3 a7a6 : .......21 moves, avg. D01, 001 counts/move
c2c3 b7b5 : .......21 moves, avg. D01, 001 counts/move
c2c3 b7b6 : .......21 moves, avg. D01, 001 counts/move
c2c3 c7c5 : .......21 moves, avg. D01, 001 counts/move
c2c3 c7c6 : .......21 moves, avg. D01, 001 counts/move
c2c3 b8a6 : .......21 moves, avg. D01, 001 counts/move
c2c3 b8c6 : .......21 moves, avg. D01, 001 counts/move
c2c3 g8f6 : .......22 moves, avg. D03, 006 counts/move
c2c3 g8h6 : .......21 moves, avg. D01, 001 counts/move
c2c3 d7d5 : .......23 moves, avg. D03, 011 counts/move
c2c3 d7d6 : .......21 moves, avg. D01, 001 counts/move
c2c3 e7e5 : .......24 moves, avg. D05, 011 counts/move
c2c3 e7e6 : .......21 moves, avg. D01, 001 counts/move
c2c3 f7f5 : .......21 moves, avg. D01, 001 counts/move
c2c3 f7f6 : .......21 moves, avg. D01, 001 counts/move
c2c3 g7g5 : .......21 moves, avg. D01, 001 counts/move
c2c3 g7g6 : .......21 moves, avg. D01, 001 counts/move
c2c3 h7h5 : .......21 moves, avg. D01, 001 counts/move
c2c3 h7h6 : .......21 moves, avg. D01, 001 counts/move
c2c4 a7a5 : .......22 moves, avg. D01, 001 counts/move
c2c4 a7a6 : .......22 moves, avg. D01, 001 counts/move
c2c4 b7b5 : .......23 moves, avg. D01, 001 counts/move
c2c4 b7b6 : .......22 moves, avg. D01, 001 counts/move
c2c4 c7c5 : ......410 moves, avg. D36, 107 counts/move
c2c4 c7c6 : .......23 moves, avg. D03, 006 counts/move
c2c4 b8a6 : .......22 moves, avg. D01, 001 counts/move
c2c4 b8c6 : .......22 moves, avg. D01, 001 counts/move
c2c4 g8f6 : ...48 940 moves, avg. D51, 117 counts/move
c2c4 g8h6 : .......22 moves, avg. D01, 001 counts/move
c2c4 d7d5 : ...53 875 moves, avg. D48, 113 counts/move
c2c4 d7d6 : .......22 moves, avg. D01, 001 counts/move
c2c4 e7e5 : ......121 moves, avg. D31, 086 counts/move
c2c4 e7e6 : ..118 910 moves, avg. D52, 117 counts/move
c2c4 f7f5 : .......22 moves, avg. D01, 001 counts/move
c2c4 f7f6 : .......22 moves, avg. D01, 001 counts/move
c2c4 g7g5 : .......86 moves, avg. D17, 064 counts/move
c2c4 g7g6 : .......22 moves, avg. D01, 001 counts/move
c2c4 h7h5 : .......22 moves, avg. D01, 001 counts/move
c2c4 h7h6 : .......22 moves, avg. D01, 001 counts/move
b1a3 a7a5 : .......20 moves, avg. D01, 001 counts/move
b1a3 a7a6 : .......20 moves, avg. D01, 001 counts/move
b1a3 b7b5 : .......20 moves, avg. D01, 001 counts/move
b1a3 b7b6 : .......20 moves, avg. D01, 001 counts/move
b1a3 c7c5 : .......20 moves, avg. D01, 001 counts/move
b1a3 c7c6 : .......20 moves, avg. D01, 001 counts/move
b1a3 b8a6 : .......20 moves, avg. D01, 001 counts/move
b1a3 b8c6 : .......20 moves, avg. D01, 001 counts/move
b1a3 g8f6 : .......20 moves, avg. D01, 001 counts/move
b1a3 g8h6 : .......20 moves, avg. D01, 001 counts/move
b1a3 d7d5 : .......20 moves, avg. D01, 001 counts/move
b1a3 d7d6 : .......20 moves, avg. D01, 001 counts/move
b1a3 e7e5 : ......123 moves, avg. D21, 034 counts/move
b1a3 e7e6 : .......20 moves, avg. D01, 001 counts/move
b1a3 f7f5 : .......20 moves, avg. D01, 001 counts/move
b1a3 f7f6 : .......20 moves, avg. D01, 001 counts/move
b1a3 g7g5 : .......20 moves, avg. D01, 001 counts/move
b1a3 g7g6 : .......20 moves, avg. D01, 001 counts/move
b1a3 h7h5 : .......20 moves, avg. D01, 001 counts/move
b1a3 h7h6 : .......20 moves, avg. D01, 001 counts/move
b1c3 a7a5 : .......22 moves, avg. D01, 001 counts/move
b1c3 a7a6 : .......22 moves, avg. D01, 001 counts/move
b1c3 b7b5 : .......22 moves, avg. D01, 001 counts/move
b1c3 b7b6 : .......22 moves, avg. D01, 001 counts/move
b1c3 c7c5 : .......23 moves, avg. D02, 006 counts/move
b1c3 c7c6 : .......22 moves, avg. D01, 001 counts/move
b1c3 b8a6 : .......22 moves, avg. D01, 001 counts/move
b1c3 b8c6 : .......22 moves, avg. D01, 001 counts/move
b1c3 g8f6 : .......22 moves, avg. D01, 001 counts/move
b1c3 g8h6 : .......22 moves, avg. D01, 001 counts/move
b1c3 d7d5 : .......27 moves, avg. D07, 022 counts/move
b1c3 d7d6 : .......22 moves, avg. D01, 001 counts/move
b1c3 e7e5 : ......328 moves, avg. D24, 087 counts/move
b1c3 e7e6 : .......24 moves, avg. D03, 008 counts/move
b1c3 f7f5 : .......22 moves, avg. D01, 001 counts/move
b1c3 f7f6 : .......22 moves, avg. D01, 001 counts/move
b1c3 g7g5 : .......22 moves, avg. D01, 001 counts/move
b1c3 g7g6 : .......22 moves, avg. D01, 001 counts/move
b1c3 h7h5 : .......22 moves, avg. D01, 001 counts/move
b1c3 h7h6 : .......22 moves, avg. D01, 001 counts/move
g1f3 a7a5 : .......23 moves, avg. D04, 011 counts/move
g1f3 a7a6 : .......22 moves, avg. D01, 001 counts/move
g1f3 b7b5 : .......22 moves, avg. D01, 001 counts/move
g1f3 b7b6 : .......22 moves, avg. D01, 001 counts/move
g1f3 c7c5 : ......785 moves, avg. D42, 107 counts/move
g1f3 c7c6 : .......29 moves, avg. D10, 029 counts/move
g1f3 b8a6 : .......22 moves, avg. D01, 001 counts/move
g1f3 b8c6 : .......22 moves, avg. D01, 001 counts/move
g1f3 g8f6 : ...24 478 moves, avg. D51, 117 counts/move
g1f3 g8h6 : .......22 moves, avg. D01, 001 counts/move
g1f3 d7d5 : ...46 680 moves, avg. D52, 117 counts/move
g1f3 d7d6 : .......22 moves, avg. D01, 001 counts/move
g1f3 e7e5 : ..245 598 moves, avg. D40, 116 counts/move
g1f3 e7e6 : ...47 801 moves, avg. D51, 117 counts/move
g1f3 f7f5 : .......22 moves, avg. D01, 001 counts/move
g1f3 f7f6 : .......22 moves, avg. D01, 001 counts/move
g1f3 g7g5 : .......22 moves, avg. D01, 001 counts/move
g1f3 g7g6 : .......22 moves, avg. D01, 001 counts/move
g1f3 h7h5 : .......23 moves, avg. D02, 006 counts/move
g1f3 h7h6 : .......22 moves, avg. D01, 001 counts/move
g1h3 a7a5 : .......20 moves, avg. D01, 001 counts/move
g1h3 a7a6 : .......20 moves, avg. D01, 001 counts/move
g1h3 b7b5 : .......20 moves, avg. D01, 001 counts/move
g1h3 b7b6 : .......20 moves, avg. D01, 001 counts/move
g1h3 c7c5 : .......20 moves, avg. D01, 001 counts/move
g1h3 c7c6 : .......20 moves, avg. D01, 001 counts/move
g1h3 b8a6 : .......20 moves, avg. D01, 001 counts/move
g1h3 b8c6 : .......20 moves, avg. D01, 001 counts/move
g1h3 g8f6 : .......24 moves, avg. D03, 010 counts/move
g1h3 g8h6 : .......20 moves, avg. D01, 001 counts/move
g1h3 d7d5 : ......275 moves, avg. D26, 086 counts/move
g1h3 d7d6 : .......20 moves, avg. D01, 001 counts/move
g1h3 e7e5 : .......24 moves, avg. D05, 011 counts/move
g1h3 e7e6 : .......20 moves, avg. D01, 001 counts/move
g1h3 f7f5 : .......20 moves, avg. D01, 001 counts/move
g1h3 f7f6 : .......20 moves, avg. D01, 001 counts/move
g1h3 g7g5 : .......20 moves, avg. D01, 001 counts/move
g1h3 g7g6 : .......20 moves, avg. D01, 001 counts/move
g1h3 h7h5 : .......20 moves, avg. D01, 001 counts/move
g1h3 h7h6 : .......20 moves, avg. D01, 001 counts/move
d2d3 a7a5 : .......27 moves, avg. D01, 001 counts/move
d2d3 a7a6 : .......27 moves, avg. D01, 001 counts/move
d2d3 b7b5 : .......27 moves, avg. D01, 001 counts/move
d2d3 b7b6 : .......27 moves, avg. D01, 001 counts/move
d2d3 c7c5 : .......27 moves, avg. D01, 001 counts/move
d2d3 c7c6 : .......27 moves, avg. D01, 001 counts/move
d2d3 b8a6 : .......27 moves, avg. D01, 001 counts/move
d2d3 b8c6 : .......27 moves, avg. D01, 001 counts/move
d2d3 g8f6 : .......27 moves, avg. D01, 001 counts/move
d2d3 g8h6 : .......27 moves, avg. D01, 001 counts/move
d2d3 d7d5 : .......28 moves, avg. D02, 005 counts/move
d2d3 d7d6 : .......27 moves, avg. D01, 001 counts/move
d2d3 e7e5 : ......106 moves, avg. D29, 087 counts/move
d2d3 e7e6 : .......27 moves, avg. D01, 001 counts/move
d2d3 f7f5 : .......27 moves, avg. D01, 001 counts/move
d2d3 f7f6 : .......27 moves, avg. D01, 001 counts/move
d2d3 g7g5 : .......26 moves, avg. D01, 001 counts/move
d2d3 g7g6 : .......27 moves, avg. D01, 001 counts/move
d2d3 h7h5 : .......27 moves, avg. D01, 001 counts/move
d2d3 h7h6 : .......27 moves, avg. D01, 001 counts/move
d2d4 a7a5 : .......28 moves, avg. D01, 001 counts/move
d2d4 a7a6 : .......28 moves, avg. D01, 001 counts/move
d2d4 b7b5 : .......28 moves, avg. D01, 001 counts/move
d2d4 b7b6 : .......28 moves, avg. D01, 001 counts/move
d2d4 c7c5 : .......29 moves, avg. D01, 001 counts/move
d2d4 c7c6 : .......29 moves, avg. D02, 005 counts/move
d2d4 b8a6 : .......28 moves, avg. D01, 001 counts/move
d2d4 b8c6 : .......29 moves, avg. D02, 005 counts/move
d2d4 g8f6 : ...24 479 moves, avg. D51, 116 counts/move
d2d4 g8h6 : .......28 moves, avg. D01, 001 counts/move
d2d4 d7d5 : ...93 336 moves, avg. D52, 117 counts/move
d2d4 d7d6 : .......29 moves, avg. D02, 005 counts/move
d2d4 e7e5 : .......43 moves, avg. D09, 017 counts/move
d2d4 e7e6 : ...71 137 moves, avg. D52, 117 counts/move
d2d4 f7f5 : .......28 moves, avg. D01, 001 counts/move
d2d4 f7f6 : .......28 moves, avg. D01, 001 counts/move
d2d4 g7g5 : .......30 moves, avg. D04, 006 counts/move
d2d4 g7g6 : .......28 moves, avg. D01, 001 counts/move
d2d4 h7h5 : ....1 145 moves, avg. D24, 090 counts/move
d2d4 h7h6 : .......28 moves, avg. D01, 001 counts/move
e2e3 a7a5 : .......30 moves, avg. D01, 001 counts/move
e2e3 a7a6 : .......30 moves, avg. D01, 001 counts/move
e2e3 b7b5 : .......29 moves, avg. D01, 001 counts/move
e2e3 b7b6 : .......30 moves, avg. D01, 001 counts/move
e2e3 c7c5 : ......477 moves, avg. D34, 108 counts/move
e2e3 c7c6 : .......30 moves, avg. D01, 001 counts/move
e2e3 b8a6 : .......30 moves, avg. D01, 001 counts/move
e2e3 b8c6 : .......30 moves, avg. D01, 001 counts/move
e2e3 g8f6 : .......31 moves, avg. D02, 005 counts/move
e2e3 g8h6 : .......30 moves, avg. D01, 001 counts/move
e2e3 d7d5 : ......115 moves, avg. D32, 089 counts/move
e2e3 d7d6 : .......30 moves, avg. D01, 001 counts/move
e2e3 e7e5 : ......160 moves, avg. D29, 085 counts/move
e2e3 e7e6 : .......37 moves, avg. D06, 023 counts/move
e2e3 f7f5 : .......30 moves, avg. D01, 001 counts/move
e2e3 f7f6 : .......30 moves, avg. D01, 001 counts/move
e2e3 g7g5 : .......30 moves, avg. D01, 001 counts/move
e2e3 g7g6 : .......30 moves, avg. D01, 001 counts/move
e2e3 h7h5 : .......30 moves, avg. D01, 001 counts/move
e2e3 h7h6 : .......30 moves, avg. D01, 001 counts/move
e2e4 a7a5 : .......30 moves, avg. D01, 001 counts/move
e2e4 a7a6 : .......30 moves, avg. D01, 001 counts/move
e2e4 b7b5 : .......29 moves, avg. D01, 001 counts/move
e2e4 b7b6 : .......30 moves, avg. D01, 001 counts/move
e2e4 c7c5 : ......788 moves, avg. D42, 106 counts/move
e2e4 c7c6 : .......31 moves, avg. D02, 005 counts/move
e2e4 b8a6 : .......30 moves, avg. D01, 001 counts/move
e2e4 b8c6 : .......31 moves, avg. D02, 005 counts/move
e2e4 g8f6 : .......30 moves, avg. D01, 001 counts/move
e2e4 g8h6 : .......30 moves, avg. D01, 001 counts/move
e2e4 d7d5 : .......31 moves, avg. D01, 001 counts/move
e2e4 d7d6 : .......31 moves, avg. D02, 005 counts/move
e2e4 e7e5 : ..245 604 moves, avg. D40, 116 counts/move
e2e4 e7e6 : .......41 moves, avg. D07, 022 counts/move
e2e4 f7f5 : .......31 moves, avg. D01, 001 counts/move
e2e4 f7f6 : .......30 moves, avg. D01, 001 counts/move
e2e4 g7g5 : .......30 moves, avg. D01, 001 counts/move
e2e4 g7g6 : .......30 moves, avg. D01, 001 counts/move
e2e4 h7h5 : ....1 162 moves, avg. D24, 089 counts/move
e2e4 h7h6 : .......30 moves, avg. D01, 001 counts/move
f2f3 a7a5 : .......19 moves, avg. D01, 001 counts/move
f2f3 a7a6 : .......19 moves, avg. D01, 001 counts/move
f2f3 b7b5 : .......19 moves, avg. D01, 001 counts/move
f2f3 b7b6 : .......19 moves, avg. D01, 001 counts/move
f2f3 c7c5 : .......19 moves, avg. D01, 001 counts/move
f2f3 c7c6 : .......19 moves, avg. D01, 001 counts/move
f2f3 b8a6 : .......19 moves, avg. D01, 001 counts/move
f2f3 b8c6 : .......19 moves, avg. D01, 001 counts/move
f2f3 g8f6 : .......19 moves, avg. D01, 001 counts/move
f2f3 g8h6 : .......19 moves, avg. D01, 001 counts/move
f2f3 d7d5 : .......19 moves, avg. D01, 001 counts/move
f2f3 d7d6 : .......19 moves, avg. D01, 001 counts/move
f2f3 e7e5 : ......685 moves, avg. D25, 089 counts/move
f2f3 e7e6 : .......19 moves, avg. D01, 001 counts/move
f2f3 f7f5 : .......19 moves, avg. D01, 001 counts/move
f2f3 f7f6 : .......19 moves, avg. D01, 001 counts/move
f2f3 g7g5 : .......19 moves, avg. D01, 001 counts/move
f2f3 g7g6 : .......19 moves, avg. D01, 001 counts/move
f2f3 h7h5 : .......19 moves, avg. D01, 001 counts/move
f2f3 h7h6 : .......19 moves, avg. D01, 001 counts/move
f2f4 a7a5 : .......20 moves, avg. D01, 001 counts/move
f2f4 a7a6 : .......20 moves, avg. D01, 001 counts/move
f2f4 b7b5 : .......20 moves, avg. D01, 001 counts/move
f2f4 b7b6 : .......20 moves, avg. D01, 001 counts/move
f2f4 c7c5 : .......20 moves, avg. D01, 001 counts/move
f2f4 c7c6 : .......20 moves, avg. D01, 001 counts/move
f2f4 b8a6 : .......20 moves, avg. D01, 001 counts/move
f2f4 b8c6 : .......20 moves, avg. D01, 001 counts/move
f2f4 g8f6 : .......20 moves, avg. D01, 001 counts/move
f2f4 g8h6 : .......20 moves, avg. D01, 001 counts/move
f2f4 d7d5 : .......20 moves, avg. D01, 001 counts/move
f2f4 d7d6 : .......20 moves, avg. D01, 001 counts/move
f2f4 e7e5 : .......21 moves, avg. D01, 001 counts/move
f2f4 e7e6 : .......20 moves, avg. D01, 001 counts/move
f2f4 f7f5 : .......19 moves, avg. D01, 001 counts/move
f2f4 f7f6 : .......20 moves, avg. D01, 001 counts/move
f2f4 g7g5 : .......21 moves, avg. D01, 001 counts/move
f2f4 g7g6 : .......20 moves, avg. D01, 001 counts/move
f2f4 h7h5 : .......20 moves, avg. D01, 001 counts/move
f2f4 h7h6 : .......20 moves, avg. D01, 001 counts/move
g2g3 a7a5 : .......21 moves, avg. D01, 001 counts/move
g2g3 a7a6 : .......21 moves, avg. D01, 001 counts/move
g2g3 b7b5 : .......21 moves, avg. D01, 001 counts/move
g2g3 b7b6 : .......21 moves, avg. D01, 001 counts/move
g2g3 c7c5 : .......22 moves, avg. D02, 006 counts/move
g2g3 c7c6 : .......41 moves, avg. D08, 024 counts/move
g2g3 b8a6 : .......21 moves, avg. D01, 001 counts/move
g2g3 b8c6 : .......21 moves, avg. D01, 001 counts/move
g2g3 g8f6 : .......27 moves, avg. D06, 022 counts/move
g2g3 g8h6 : .......21 moves, avg. D01, 001 counts/move
g2g3 d7d5 : .......35 moves, avg. D07, 024 counts/move
g2g3 d7d6 : .......21 moves, avg. D01, 001 counts/move
g2g3 e7e5 : ......157 moves, avg. D37, 101 counts/move
g2g3 e7e6 : .......22 moves, avg. D03, 006 counts/move
g2g3 f7f5 : .......21 moves, avg. D01, 001 counts/move
g2g3 f7f6 : .......21 moves, avg. D01, 001 counts/move
g2g3 g7g5 : .......21 moves, avg. D01, 001 counts/move
g2g3 g7g6 : .......21 moves, avg. D01, 001 counts/move
g2g3 h7h5 : .......21 moves, avg. D01, 001 counts/move
g2g3 h7h6 : .......21 moves, avg. D01, 001 counts/move
g2g4 a7a5 : .......21 moves, avg. D01, 001 counts/move
g2g4 a7a6 : .......21 moves, avg. D01, 001 counts/move
g2g4 b7b5 : .......21 moves, avg. D01, 001 counts/move
g2g4 b7b6 : .......21 moves, avg. D01, 001 counts/move
g2g4 c7c5 : .......21 moves, avg. D01, 001 counts/move
g2g4 c7c6 : .......21 moves, avg. D01, 001 counts/move
g2g4 b8a6 : .......21 moves, avg. D01, 001 counts/move
g2g4 b8c6 : .......21 moves, avg. D01, 001 counts/move
g2g4 g8f6 : .......22 moves, avg. D02, 006 counts/move
g2g4 g8h6 : .......21 moves, avg. D01, 001 counts/move
g2g4 d7d5 : ....8 562 moves, avg. D23, 080 counts/move
g2g4 d7d6 : .......21 moves, avg. D01, 001 counts/move
g2g4 e7e5 : .......21 moves, avg. D01, 001 counts/move
g2g4 e7e6 : .......21 moves, avg. D01, 001 counts/move
g2g4 f7f5 : .......22 moves, avg. D01, 001 counts/move
g2g4 f7f6 : .......21 moves, avg. D01, 001 counts/move
g2g4 g7g5 : .......20 moves, avg. D01, 001 counts/move
g2g4 g7g6 : .......21 moves, avg. D01, 001 counts/move
g2g4 h7h5 : .......22 moves, avg. D01, 001 counts/move
g2g4 h7h6 : .......21 moves, avg. D01, 001 counts/move
h2h3 a7a5 : .......19 moves, avg. D01, 001 counts/move
h2h3 a7a6 : .......19 moves, avg. D01, 001 counts/move
h2h3 b7b5 : .......19 moves, avg. D01, 001 counts/move
h2h3 b7b6 : .......19 moves, avg. D01, 001 counts/move
h2h3 c7c5 : .......19 moves, avg. D01, 001 counts/move
h2h3 c7c6 : .......19 moves, avg. D01, 001 counts/move
h2h3 b8a6 : .......19 moves, avg. D01, 001 counts/move
h2h3 b8c6 : .......19 moves, avg. D01, 001 counts/move
h2h3 g8f6 : ......133 moves, avg. D36, 085 counts/move
h2h3 g8h6 : .......19 moves, avg. D01, 001 counts/move
h2h3 d7d5 : ......352 moves, avg. D40, 094 counts/move
h2h3 d7d6 : .......19 moves, avg. D01, 001 counts/move
h2h3 e7e5 : ......236 moves, avg. D26, 069 counts/move
h2h3 e7e6 : .......19 moves, avg. D01, 001 counts/move
h2h3 f7f5 : .......19 moves, avg. D01, 001 counts/move
h2h3 f7f6 : .......19 moves, avg. D01, 001 counts/move
h2h3 g7g5 : .......19 moves, avg. D01, 001 counts/move
h2h3 g7g6 : .......19 moves, avg. D01, 001 counts/move
h2h3 h7h5 : .......19 moves, avg. D01, 001 counts/move
h2h3 h7h6 : .......19 moves, avg. D01, 001 counts/move
h2h4 a7a5 : .......21 moves, avg. D01, 001 counts/move
h2h4 a7a6 : .......21 moves, avg. D01, 001 counts/move
h2h4 b7b5 : .......21 moves, avg. D01, 001 counts/move
h2h4 b7b6 : .......21 moves, avg. D01, 001 counts/move
h2h4 c7c5 : .......22 moves, avg. D03, 007 counts/move
h2h4 c7c6 : .......21 moves, avg. D01, 001 counts/move
h2h4 b8a6 : .......21 moves, avg. D01, 001 counts/move
h2h4 b8c6 : .......21 moves, avg. D01, 001 counts/move
h2h4 g8f6 : .......21 moves, avg. D01, 001 counts/move
h2h4 g8h6 : .......21 moves, avg. D01, 001 counts/move
h2h4 d7d5 : .......40 moves, avg. D06, 019 counts/move
h2h4 d7d6 : .......21 moves, avg. D01, 001 counts/move
h2h4 e7e5 : .......39 moves, avg. D07, 011 counts/move
h2h4 e7e6 : .......21 moves, avg. D01, 001 counts/move
h2h4 f7f5 : .......21 moves, avg. D01, 001 counts/move
h2h4 f7f6 : .......21 moves, avg. D01, 001 counts/move
h2h4 g7g5 : .......22 moves, avg. D01, 001 counts/move
h2h4 g7g6 : .......21 moves, avg. D01, 001 counts/move
h2h4 h7h5 : .......20 moves, avg. D01, 001 counts/move
h2h4 h7h6 : .......21 moves, avg. D01, 001 counts/move

Experience Rate : 4%
