a2a3 a7a5 : .......22 moves, avg. D04, 005 counts/move
a2a3 a7a6 : .......22 moves, avg. D09, 011 counts/move
a2a3 b7b5 : .......23 moves, avg. D06, 007 counts/move
a2a3 b7b6 : .......22 moves, avg. D04, 006 counts/move
a2a3 c7c5 : ......748 moves, avg. D41, 022 counts/move
a2a3 c7c6 : .......20 moves, avg. D03, 003 counts/move
a2a3 b8a6 : .......19 moves, avg. D01, 001 counts/move
a2a3 b8c6 : .......19 moves, avg. D01, 001 counts/move
a2a3 g8f6 : ....2 087 moves, avg. D46, 018 counts/move
a2a3 g8h6 : .......19 moves, avg. D01, 001 counts/move
a2a3 d7d5 : ....4 383 moves, avg. D47, 019 counts/move
a2a3 d7d6 : .......19 moves, avg. D01, 001 counts/move
a2a3 e7e5 : ....7 735 moves, avg. D61, 017 counts/move
a2a3 e7e6 : .......27 moves, avg. D09, 009 counts/move
a2a3 f7f5 : .......19 moves, avg. D01, 001 counts/move
a2a3 f7f6 : .......19 moves, avg. D01, 001 counts/move
a2a3 g7g5 : .......19 moves, avg. D01, 001 counts/move
a2a3 g7g6 : ......219 moves, avg. D29, 014 counts/move
a2a3 h7h5 : .......19 moves, avg. D01, 001 counts/move
a2a3 h7h6 : .......19 moves, avg. D01, 001 counts/move
a2a4 a7a5 : .......20 moves, avg. D01, 001 counts/move
a2a4 a7a6 : .......21 moves, avg. D01, 001 counts/move
a2a4 b7b5 : .......22 moves, avg. D01, 001 counts/move
a2a4 b7b6 : .......23 moves, avg. D04, 002 counts/move
a2a4 c7c5 : .......21 moves, avg. D01, 001 counts/move
a2a4 c7c6 : .......21 moves, avg. D01, 001 counts/move
a2a4 b8a6 : .......21 moves, avg. D01, 001 counts/move
a2a4 b8c6 : .......21 moves, avg. D01, 001 counts/move
a2a4 g8f6 : ...81 813 moves, avg. D46, 019 counts/move
a2a4 g8h6 : .......21 moves, avg. D01, 001 counts/move
a2a4 d7d5 : ......261 moves, avg. D37, 013 counts/move
a2a4 d7d6 : .......21 moves, avg. D01, 001 counts/move
a2a4 e7e5 : ....3 626 moves, avg. D47, 023 counts/move
a2a4 e7e6 : .......33 moves, avg. D04, 002 counts/move
a2a4 f7f5 : .......21 moves, avg. D01, 001 counts/move
a2a4 f7f6 : .......21 moves, avg. D01, 001 counts/move
a2a4 g7g5 : .......21 moves, avg. D01, 001 counts/move
a2a4 g7g6 : .......92 moves, avg. D29, 009 counts/move
a2a4 h7h5 : .......21 moves, avg. D01, 001 counts/move
a2a4 h7h6 : .......21 moves, avg. D01, 001 counts/move
b2b3 a7a5 : .......21 moves, avg. D01, 001 counts/move
b2b3 a7a6 : .......21 moves, avg. D01, 001 counts/move
b2b3 b7b5 : .......21 moves, avg. D01, 001 counts/move
b2b3 b7b6 : ......190 moves, avg. D31, 012 counts/move
b2b3 c7c5 : ..133 864 moves, avg. D43, 025 counts/move
b2b3 c7c6 : ......101 moves, avg. D27, 010 counts/move
b2b3 b8a6 : .......21 moves, avg. D01, 001 counts/move
b2b3 b8c6 : .......21 moves, avg. D01, 001 counts/move
b2b3 g8f6 : 1 000 000 moves, avg. D39, 026 counts/move
b2b3 g8h6 : .......21 moves, avg. D01, 001 counts/move
b2b3 d7d5 : ....4 028 moves, avg. D45, 015 counts/move
b2b3 d7d6 : .......21 moves, avg. D01, 001 counts/move
b2b3 e7e5 : ....7 537 moves, avg. D47, 018 counts/move
b2b3 e7e6 : 1 000 000 moves, avg. D36, 025 counts/move
b2b3 f7f5 : ......283 moves, avg. D32, 014 counts/move
b2b3 f7f6 : .......21 moves, avg. D01, 001 counts/move
b2b3 g7g5 : .......21 moves, avg. D01, 001 counts/move
b2b3 g7g6 : .......21 moves, avg. D01, 001 counts/move
b2b3 h7h5 : .......21 moves, avg. D01, 001 counts/move
b2b3 h7h6 : .......21 moves, avg. D01, 001 counts/move
b2b4 a7a5 : .......22 moves, avg. D01, 001 counts/move
b2b4 a7a6 : .......21 moves, avg. D01, 001 counts/move
b2b4 b7b5 : .......20 moves, avg. D01, 001 counts/move
b2b4 b7b6 : .......21 moves, avg. D01, 001 counts/move
b2b4 c7c5 : .......22 moves, avg. D01, 001 counts/move
b2b4 c7c6 : .......21 moves, avg. D01, 001 counts/move
b2b4 b8a6 : .......21 moves, avg. D01, 001 counts/move
b2b4 b8c6 : .......21 moves, avg. D01, 001 counts/move
b2b4 g8f6 : ......737 moves, avg. D42, 016 counts/move
b2b4 g8h6 : .......21 moves, avg. D01, 001 counts/move
b2b4 d7d5 : ....1 044 moves, avg. D43, 016 counts/move
b2b4 d7d6 : .......21 moves, avg. D01, 001 counts/move
b2b4 e7e5 : ......213 moves, avg. D31, 009 counts/move
b2b4 e7e6 : .......21 moves, avg. D01, 001 counts/move
b2b4 f7f5 : .......21 moves, avg. D01, 001 counts/move
b2b4 f7f6 : .......21 moves, avg. D01, 001 counts/move
b2b4 g7g5 : .......21 moves, avg. D01, 001 counts/move
b2b4 g7g6 : .......21 moves, avg. D01, 001 counts/move
b2b4 h7h5 : .......21 moves, avg. D01, 001 counts/move
b2b4 h7h6 : .......21 moves, avg. D01, 001 counts/move
c2c3 a7a5 : .......21 moves, avg. D01, 001 counts/move
c2c3 a7a6 : .......21 moves, avg. D01, 001 counts/move
c2c3 b7b5 : .......21 moves, avg. D01, 001 counts/move
c2c3 b7b6 : .......21 moves, avg. D01, 001 counts/move
c2c3 c7c5 : ....8 583 moves, avg. D37, 018 counts/move
c2c3 c7c6 : .......22 moves, avg. D03, 004 counts/move
c2c3 b8a6 : .......21 moves, avg. D01, 001 counts/move
c2c3 b8c6 : .......21 moves, avg. D01, 001 counts/move
c2c3 g8f6 : 1 000 000 moves, avg. D41, 027 counts/move
c2c3 g8h6 : .......21 moves, avg. D01, 001 counts/move
c2c3 d7d5 : 1 000 000 moves, avg. D42, 027 counts/move
c2c3 d7d6 : .......21 moves, avg. D01, 001 counts/move
c2c3 e7e5 : ....3 235 moves, avg. D49, 022 counts/move
c2c3 e7e6 : 1 000 000 moves, avg. D51, 021 counts/move
c2c3 f7f5 : .......22 moves, avg. D04, 002 counts/move
c2c3 f7f6 : .......22 moves, avg. D03, 007 counts/move
c2c3 g7g5 : .......21 moves, avg. D01, 001 counts/move
c2c3 g7g6 : .......21 moves, avg. D01, 001 counts/move
c2c3 h7h5 : .......21 moves, avg. D01, 001 counts/move
c2c3 h7h6 : .......21 moves, avg. D01, 001 counts/move
c2c4 a7a5 : .......22 moves, avg. D01, 001 counts/move
c2c4 a7a6 : ...10 058 moves, avg. D30, 013 counts/move
c2c4 b7b5 : .......23 moves, avg. D01, 001 counts/move
c2c4 b7b6 : ...45 115 moves, avg. D37, 017 counts/move
c2c4 c7c5 : 1 000 000 moves, avg. D37, 023 counts/move
c2c4 c7c6 : 1 000 000 moves, avg. D35, 034 counts/move
c2c4 b8a6 : .......22 moves, avg. D01, 001 counts/move
c2c4 b8c6 : 1 000 000 moves, avg. D38, 035 counts/move
c2c4 g8f6 : 1 000 000 moves, avg. D34, 031 counts/move
c2c4 g8h6 : .......22 moves, avg. D01, 001 counts/move
c2c4 d7d5 : ....1 240 moves, avg. D40, 015 counts/move
c2c4 d7d6 : ..404 857 moves, avg. D44, 018 counts/move
c2c4 e7e5 : 1 000 000 moves, avg. D36, 034 counts/move
c2c4 e7e6 : 1 000 000 moves, avg. D34, 032 counts/move
c2c4 f7f5 : ..649 655 moves, avg. D39, 017 counts/move
c2c4 f7f6 : ......390 moves, avg. D36, 015 counts/move
c2c4 g7g5 : .......22 moves, avg. D01, 001 counts/move
c2c4 g7g6 : ..672 005 moves, avg. D39, 021 counts/move
c2c4 h7h5 : .......22 moves, avg. D01, 001 counts/move
c2c4 h7h6 : .......35 moves, avg. D07, 003 counts/move
b1a3 a7a5 : .......20 moves, avg. D01, 001 counts/move
b1a3 a7a6 : .......20 moves, avg. D01, 001 counts/move
b1a3 b7b5 : .......20 moves, avg. D01, 001 counts/move
b1a3 b7b6 : .......20 moves, avg. D01, 001 counts/move
b1a3 c7c5 : .......20 moves, avg. D01, 001 counts/move
b1a3 c7c6 : .......20 moves, avg. D01, 001 counts/move
b1a3 b8a6 : .......20 moves, avg. D01, 001 counts/move
b1a3 b8c6 : .......20 moves, avg. D01, 001 counts/move
b1a3 g8f6 : .......20 moves, avg. D01, 001 counts/move
b1a3 g8h6 : .......78 moves, avg. D36, 012 counts/move
b1a3 d7d5 : .......30 moves, avg. D04, 005 counts/move
b1a3 d7d6 : .......20 moves, avg. D01, 001 counts/move
b1a3 e7e5 : ......246 moves, avg. D41, 017 counts/move
b1a3 e7e6 : .......20 moves, avg. D01, 001 counts/move
b1a3 f7f5 : .......20 moves, avg. D01, 001 counts/move
b1a3 f7f6 : .......20 moves, avg. D01, 001 counts/move
b1a3 g7g5 : .......20 moves, avg. D01, 001 counts/move
b1a3 g7g6 : .......20 moves, avg. D01, 001 counts/move
b1a3 h7h5 : .......20 moves, avg. D01, 001 counts/move
b1a3 h7h6 : .......20 moves, avg. D01, 001 counts/move
b1c3 a7a5 : .......22 moves, avg. D01, 001 counts/move
b1c3 a7a6 : .......22 moves, avg. D01, 001 counts/move
b1c3 b7b5 : .......22 moves, avg. D01, 001 counts/move
b1c3 b7b6 : .......24 moves, avg. D03, 002 counts/move
b1c3 c7c5 : 1 000 000 moves, avg. D35, 035 counts/move
b1c3 c7c6 : ...41 863 moves, avg. D42, 018 counts/move
b1c3 b8a6 : .......22 moves, avg. D01, 001 counts/move
b1c3 b8c6 : ......141 moves, avg. D30, 012 counts/move
b1c3 g8f6 : 1 000 000 moves, avg. D45, 021 counts/move
b1c3 g8h6 : .......22 moves, avg. D01, 001 counts/move
b1c3 d7d5 : ...32 836 moves, avg. D48, 019 counts/move
b1c3 d7d6 : ..112 406 moves, avg. D36, 020 counts/move
b1c3 e7e5 : .......34 moves, avg. D05, 006 counts/move
b1c3 e7e6 : 1 000 000 moves, avg. D36, 054 counts/move
b1c3 f7f5 : .......23 moves, avg. D02, 003 counts/move
b1c3 f7f6 : .......22 moves, avg. D01, 001 counts/move
b1c3 g7g5 : .......22 moves, avg. D01, 001 counts/move
b1c3 g7g6 : .......23 moves, avg. D02, 002 counts/move
b1c3 h7h5 : .......22 moves, avg. D01, 001 counts/move
b1c3 h7h6 : .......22 moves, avg. D01, 001 counts/move
g1f3 a7a5 : .......24 moves, avg. D03, 002 counts/move
g1f3 a7a6 : ....4 935 moves, avg. D29, 013 counts/move
g1f3 b7b5 : .......23 moves, avg. D02, 001 counts/move
g1f3 b7b6 : 1 000 000 moves, avg. D40, 024 counts/move
g1f3 c7c5 : 1 000 000 moves, avg. D35, 031 counts/move
g1f3 c7c6 : 1 000 000 moves, avg. D35, 036 counts/move
g1f3 b8a6 : .......22 moves, avg. D01, 001 counts/move
g1f3 b8c6 : ....4 923 moves, avg. D37, 021 counts/move
g1f3 g8f6 : 1 000 000 moves, avg. D34, 031 counts/move
g1f3 g8h6 : .......22 moves, avg. D01, 001 counts/move
g1f3 d7d5 : 1 000 000 moves, avg. D34, 031 counts/move
g1f3 d7d6 : ..223 258 moves, avg. D43, 019 counts/move
g1f3 e7e5 : 1 000 000 moves, avg. D35, 034 counts/move
g1f3 e7e6 : 1 000 000 moves, avg. D34, 031 counts/move
g1f3 f7f5 : ..320 887 moves, avg. D39, 017 counts/move
g1f3 f7f6 : .......22 moves, avg. D01, 001 counts/move
g1f3 g7g5 : .......22 moves, avg. D01, 001 counts/move
g1f3 g7g6 : ...79 643 moves, avg. D41, 018 counts/move
g1f3 h7h5 : .......34 moves, avg. D12, 005 counts/move
g1f3 h7h6 : .......22 moves, avg. D01, 001 counts/move
g1h3 a7a5 : .......20 moves, avg. D01, 001 counts/move
g1h3 a7a6 : .......20 moves, avg. D01, 001 counts/move
g1h3 b7b5 : .......20 moves, avg. D01, 001 counts/move
g1h3 b7b6 : .......20 moves, avg. D01, 001 counts/move
g1h3 c7c5 : .......20 moves, avg. D01, 001 counts/move
g1h3 c7c6 : .......20 moves, avg. D01, 001 counts/move
g1h3 b8a6 : .......20 moves, avg. D01, 001 counts/move
g1h3 b8c6 : .......20 moves, avg. D01, 001 counts/move
g1h3 g8f6 : .......20 moves, avg. D01, 001 counts/move
g1h3 g8h6 : .......20 moves, avg. D01, 001 counts/move
g1h3 d7d5 : .......26 moves, avg. D08, 004 counts/move
g1h3 d7d6 : .......20 moves, avg. D01, 001 counts/move
g1h3 e7e5 : .......20 moves, avg. D01, 001 counts/move
g1h3 e7e6 : .......70 moves, avg. D25, 009 counts/move
g1h3 f7f5 : .......20 moves, avg. D01, 001 counts/move
g1h3 f7f6 : .......20 moves, avg. D01, 001 counts/move
g1h3 g7g5 : .......20 moves, avg. D01, 001 counts/move
g1h3 g7g6 : .......20 moves, avg. D01, 001 counts/move
g1h3 h7h5 : .......20 moves, avg. D01, 001 counts/move
g1h3 h7h6 : .......20 moves, avg. D01, 001 counts/move
d2d3 a7a5 : .......27 moves, avg. D01, 001 counts/move
d2d3 a7a6 : .......27 moves, avg. D01, 001 counts/move
d2d3 b7b5 : .......27 moves, avg. D01, 001 counts/move
d2d3 b7b6 : .......27 moves, avg. D01, 001 counts/move
d2d3 c7c5 : ......368 moves, avg. D40, 016 counts/move
d2d3 c7c6 : ......170 moves, avg. D30, 015 counts/move
d2d3 b8a6 : .......27 moves, avg. D01, 001 counts/move
d2d3 b8c6 : ......225 moves, avg. D29, 007 counts/move
d2d3 g8f6 : 1 000 000 moves, avg. D39, 035 counts/move
d2d3 g8h6 : .......27 moves, avg. D01, 001 counts/move
d2d3 d7d5 : ....8 067 moves, avg. D46, 020 counts/move
d2d3 d7d6 : .......27 moves, avg. D01, 001 counts/move
d2d3 e7e5 : 1 000 000 moves, avg. D37, 036 counts/move
d2d3 e7e6 : ......390 moves, avg. D41, 022 counts/move
d2d3 f7f5 : .......27 moves, avg. D01, 001 counts/move
d2d3 f7f6 : .......27 moves, avg. D01, 001 counts/move
d2d3 g7g5 : .......26 moves, avg. D01, 001 counts/move
d2d3 g7g6 : ......244 moves, avg. D37, 017 counts/move
d2d3 h7h5 : .......27 moves, avg. D01, 001 counts/move
d2d3 h7h6 : .......27 moves, avg. D01, 001 counts/move
d2d4 a7a5 : .......28 moves, avg. D01, 001 counts/move
d2d4 a7a6 : ......243 moves, avg. D36, 014 counts/move
d2d4 b7b5 : .......28 moves, avg. D09, 001 counts/move
d2d4 b7b6 : ....3 233 moves, avg. D36, 020 counts/move
d2d4 c7c5 : 1 000 000 moves, avg. D39, 027 counts/move
d2d4 c7c6 : 1 000 000 moves, avg. D35, 034 counts/move
d2d4 b8a6 : .......28 moves, avg. D01, 001 counts/move
d2d4 b8c6 : ....7 311 moves, avg. D44, 021 counts/move
d2d4 g8f6 : 1 000 000 moves, avg. D34, 031 counts/move
d2d4 g8h6 : ......105 moves, avg. D27, 009 counts/move
d2d4 d7d5 : 1 000 000 moves, avg. D34, 031 counts/move
d2d4 d7d6 : ..482 483 moves, avg. D37, 020 counts/move
d2d4 e7e5 : ....3 784 moves, avg. D47, 021 counts/move
d2d4 e7e6 : 1 000 000 moves, avg. D34, 031 counts/move
d2d4 f7f5 : 1 000 000 moves, avg. D38, 017 counts/move
d2d4 f7f6 : ......174 moves, avg. D31, 012 counts/move
d2d4 g7g5 : .......27 moves, avg. D01, 001 counts/move
d2d4 g7g6 : ..584 033 moves, avg. D40, 020 counts/move
d2d4 h7h5 : .......28 moves, avg. D01, 001 counts/move
d2d4 h7h6 : .......28 moves, avg. D01, 001 counts/move
e2e3 a7a5 : .......30 moves, avg. D01, 001 counts/move
e2e3 a7a6 : .......31 moves, avg. D13, 005 counts/move
e2e3 b7b5 : .......29 moves, avg. D01, 001 counts/move
e2e3 b7b6 : 1 000 000 moves, avg. D36, 025 counts/move
e2e3 c7c5 : ..759 340 moves, avg. D45, 018 counts/move
e2e3 c7c6 : ......118 moves, avg. D22, 012 counts/move
e2e3 b8a6 : .......30 moves, avg. D01, 001 counts/move
e2e3 b8c6 : .......30 moves, avg. D01, 001 counts/move
e2e3 g8f6 : 1 000 000 moves, avg. D33, 031 counts/move
e2e3 g8h6 : .......30 moves, avg. D01, 001 counts/move
e2e3 d7d5 : 1 000 000 moves, avg. D34, 032 counts/move
e2e3 d7d6 : ...23 885 moves, avg. D46, 017 counts/move
e2e3 e7e5 : ..105 653 moves, avg. D43, 023 counts/move
e2e3 e7e6 : 1 000 000 moves, avg. D33, 031 counts/move
e2e3 f7f5 : ......188 moves, avg. D32, 011 counts/move
e2e3 f7f6 : .......30 moves, avg. D01, 001 counts/move
e2e3 g7g5 : .......30 moves, avg. D01, 001 counts/move
e2e3 g7g6 : ....2 600 moves, avg. D41, 015 counts/move
e2e3 h7h5 : .......30 moves, avg. D01, 001 counts/move
e2e3 h7h6 : .......30 moves, avg. D01, 001 counts/move
e2e4 a7a5 : .......31 moves, avg. D01, 001 counts/move
e2e4 a7a6 : ......243 moves, avg. D36, 014 counts/move
e2e4 b7b5 : .......36 moves, avg. D06, 002 counts/move
e2e4 b7b6 : ....3 233 moves, avg. D36, 020 counts/move
e2e4 c7c5 : 1 000 000 moves, avg. D34, 031 counts/move
e2e4 c7c6 : ..485 586 moves, avg. D43, 020 counts/move
e2e4 b8a6 : .......30 moves, avg. D01, 001 counts/move
e2e4 b8c6 : 1 000 000 moves, avg. D35, 035 counts/move
e2e4 g8f6 : 1 000 000 moves, avg. D41, 023 counts/move
e2e4 g8h6 : .......65 moves, avg. D17, 013 counts/move
e2e4 d7d5 : ...55 917 moves, avg. D36, 025 counts/move
e2e4 d7d6 : ..314 118 moves, avg. D38, 020 counts/move
e2e4 e7e5 : 1 000 000 moves, avg. D35, 034 counts/move
e2e4 e7e6 : 1 000 000 moves, avg. D36, 046 counts/move
e2e4 f7f5 : ......353 moves, avg. D30, 013 counts/move
e2e4 f7f6 : .......37 moves, avg. D13, 002 counts/move
e2e4 g7g5 : .......30 moves, avg. D01, 001 counts/move
e2e4 g7g6 : ..515 196 moves, avg. D39, 020 counts/move
e2e4 h7h5 : .......30 moves, avg. D01, 001 counts/move
e2e4 h7h6 : .......30 moves, avg. D01, 001 counts/move
f2f3 a7a5 : .......19 moves, avg. D01, 001 counts/move
f2f3 a7a6 : .......19 moves, avg. D01, 001 counts/move
f2f3 b7b5 : .......19 moves, avg. D01, 001 counts/move
f2f3 b7b6 : .......19 moves, avg. D01, 001 counts/move
f2f3 c7c5 : .......19 moves, avg. D01, 001 counts/move
f2f3 c7c6 : .......19 moves, avg. D01, 001 counts/move
f2f3 b8a6 : .......19 moves, avg. D01, 001 counts/move
f2f3 b8c6 : .......19 moves, avg. D01, 001 counts/move
f2f3 g8f6 : .......19 moves, avg. D01, 001 counts/move
f2f3 g8h6 : .......19 moves, avg. D01, 001 counts/move
f2f3 d7d5 : .......19 moves, avg. D01, 001 counts/move
f2f3 d7d6 : .......19 moves, avg. D01, 001 counts/move
f2f3 e7e5 : .......24 moves, avg. D04, 002 counts/move
f2f3 e7e6 : .......19 moves, avg. D01, 001 counts/move
f2f3 f7f5 : .......19 moves, avg. D01, 001 counts/move
f2f3 f7f6 : .......19 moves, avg. D01, 001 counts/move
f2f3 g7g5 : .......19 moves, avg. D01, 001 counts/move
f2f3 g7g6 : .......19 moves, avg. D01, 001 counts/move
f2f3 h7h5 : .......19 moves, avg. D01, 001 counts/move
f2f3 h7h6 : .......19 moves, avg. D01, 001 counts/move
f2f4 a7a5 : .......20 moves, avg. D01, 001 counts/move
f2f4 a7a6 : .......20 moves, avg. D02, 002 counts/move
f2f4 b7b5 : .......20 moves, avg. D01, 001 counts/move
f2f4 b7b6 : .......20 moves, avg. D01, 001 counts/move
f2f4 c7c5 : ......763 moves, avg. D34, 014 counts/move
f2f4 c7c6 : .......89 moves, avg. D23, 017 counts/move
f2f4 b8a6 : .......20 moves, avg. D01, 001 counts/move
f2f4 b8c6 : .......20 moves, avg. D01, 001 counts/move
f2f4 g8f6 : ....7 517 moves, avg. D43, 017 counts/move
f2f4 g8h6 : .......66 moves, avg. D17, 013 counts/move
f2f4 d7d5 : ....8 532 moves, avg. D42, 018 counts/move
f2f4 d7d6 : .......20 moves, avg. D01, 001 counts/move
f2f4 e7e5 : ....4 540 moves, avg. D29, 013 counts/move
f2f4 e7e6 : ....1 739 moves, avg. D40, 017 counts/move
f2f4 f7f5 : .......19 moves, avg. D01, 001 counts/move
f2f4 f7f6 : .......20 moves, avg. D01, 001 counts/move
f2f4 g7g5 : .......21 moves, avg. D01, 001 counts/move
f2f4 g7g6 : ......149 moves, avg. D41, 016 counts/move
f2f4 h7h5 : .......20 moves, avg. D01, 001 counts/move
f2f4 h7h6 : .......20 moves, avg. D01, 001 counts/move
g2g3 a7a5 : .......33 moves, avg. D04, 002 counts/move
g2g3 a7a6 : ......125 moves, avg. D27, 039 counts/move
g2g3 b7b5 : .......21 moves, avg. D01, 001 counts/move
g2g3 b7b6 : ......205 moves, avg. D25, 014 counts/move
g2g3 c7c5 : ..885 690 moves, avg. D50, 020 counts/move
g2g3 c7c6 : ....4 820 moves, avg. D37, 019 counts/move
g2g3 b8a6 : .......21 moves, avg. D01, 001 counts/move
g2g3 b8c6 : ......203 moves, avg. D32, 007 counts/move
g2g3 g8f6 : 1 000 000 moves, avg. D35, 036 counts/move
g2g3 g8h6 : .......21 moves, avg. D01, 001 counts/move
g2g3 d7d5 : 1 000 000 moves, avg. D41, 033 counts/move
g2g3 d7d6 : ....6 089 moves, avg. D35, 022 counts/move
g2g3 e7e5 : 1 000 000 moves, avg. D40, 029 counts/move
g2g3 e7e6 : 1 000 000 moves, avg. D43, 054 counts/move
g2g3 f7f5 : ...89 259 moves, avg. D38, 018 counts/move
g2g3 f7f6 : ......166 moves, avg. D32, 015 counts/move
g2g3 g7g5 : .......21 moves, avg. D01, 001 counts/move
g2g3 g7g6 : ...85 397 moves, avg. D54, 018 counts/move
g2g3 h7h5 : .......64 moves, avg. D08, 004 counts/move
g2g3 h7h6 : .......21 moves, avg. D01, 001 counts/move
g2g4 a7a5 : .......21 moves, avg. D01, 001 counts/move
g2g4 a7a6 : .......21 moves, avg. D01, 001 counts/move
g2g4 b7b5 : .......21 moves, avg. D01, 001 counts/move
g2g4 b7b6 : .......21 moves, avg. D01, 001 counts/move
g2g4 c7c5 : .......21 moves, avg. D01, 001 counts/move
g2g4 c7c6 : .......21 moves, avg. D01, 001 counts/move
g2g4 b8a6 : .......21 moves, avg. D01, 001 counts/move
g2g4 b8c6 : .......21 moves, avg. D01, 001 counts/move
g2g4 g8f6 : .......21 moves, avg. D01, 001 counts/move
g2g4 g8h6 : .......21 moves, avg. D01, 001 counts/move
g2g4 d7d5 : ....1 160 moves, avg. D33, 012 counts/move
g2g4 d7d6 : .......21 moves, avg. D01, 001 counts/move
g2g4 e7e5 : .......21 moves, avg. D01, 001 counts/move
g2g4 e7e6 : .......21 moves, avg. D01, 001 counts/move
g2g4 f7f5 : .......22 moves, avg. D01, 001 counts/move
g2g4 f7f6 : .......21 moves, avg. D01, 001 counts/move
g2g4 g7g5 : .......20 moves, avg. D01, 001 counts/move
g2g4 g7g6 : .......21 moves, avg. D01, 001 counts/move
g2g4 h7h5 : .......22 moves, avg. D01, 001 counts/move
g2g4 h7h6 : .......21 moves, avg. D01, 001 counts/move
h2h3 a7a5 : .......19 moves, avg. D01, 001 counts/move
h2h3 a7a6 : .......19 moves, avg. D01, 001 counts/move
h2h3 b7b5 : .......19 moves, avg. D01, 001 counts/move
h2h3 b7b6 : .......19 moves, avg. D01, 001 counts/move
h2h3 c7c5 : ......460 moves, avg. D29, 006 counts/move
h2h3 c7c6 : .......20 moves, avg. D03, 002 counts/move
h2h3 b8a6 : .......19 moves, avg. D01, 001 counts/move
h2h3 b8c6 : .......19 moves, avg. D01, 001 counts/move
h2h3 g8f6 : ....1 833 moves, avg. D44, 016 counts/move
h2h3 g8h6 : .......19 moves, avg. D01, 001 counts/move
h2h3 d7d5 : ......256 moves, avg. D41, 013 counts/move
h2h3 d7d6 : .......19 moves, avg. D01, 001 counts/move
h2h3 e7e5 : .......44 moves, avg. D10, 010 counts/move
h2h3 e7e6 : .......20 moves, avg. D02, 002 counts/move
h2h3 f7f5 : .......19 moves, avg. D01, 001 counts/move
h2h3 f7f6 : .......20 moves, avg. D03, 007 counts/move
h2h3 g7g5 : .......19 moves, avg. D01, 001 counts/move
h2h3 g7g6 : .......19 moves, avg. D01, 001 counts/move
h2h3 h7h5 : .......19 moves, avg. D01, 001 counts/move
h2h3 h7h6 : .......19 moves, avg. D01, 001 counts/move
h2h4 a7a5 : .......21 moves, avg. D01, 001 counts/move
h2h4 a7a6 : .......21 moves, avg. D01, 001 counts/move
h2h4 b7b5 : .......21 moves, avg. D01, 001 counts/move
h2h4 b7b6 : .......21 moves, avg. D01, 001 counts/move
h2h4 c7c5 : .......21 moves, avg. D01, 001 counts/move
h2h4 c7c6 : .......21 moves, avg. D01, 001 counts/move
h2h4 b8a6 : .......21 moves, avg. D01, 001 counts/move
h2h4 b8c6 : .......21 moves, avg. D01, 001 counts/move
h2h4 g8f6 : .......22 moves, avg. D03, 002 counts/move
h2h4 g8h6 : .......21 moves, avg. D01, 001 counts/move
h2h4 d7d5 : .......32 moves, avg. D04, 003 counts/move
h2h4 d7d6 : .......21 moves, avg. D01, 001 counts/move
h2h4 e7e5 : ......293 moves, avg. D39, 016 counts/move
h2h4 e7e6 : .......21 moves, avg. D01, 001 counts/move
h2h4 f7f5 : .......21 moves, avg. D01, 001 counts/move
h2h4 f7f6 : .......21 moves, avg. D01, 001 counts/move
h2h4 g7g5 : .......22 moves, avg. D01, 001 counts/move
h2h4 g7g6 : .......21 moves, avg. D01, 001 counts/move
h2h4 h7h5 : .......20 moves, avg. D01, 001 counts/move
h2h4 h7h6 : .......21 moves, avg. D01, 001 counts/move

Experience Rate : 23%
