d2d4 d7d5 c2c4 e7e6 b1c3 f8e7 c1f4 g8f6 e2e3 e8g8                               : ..524 639 moves, avg. D45, 018 counts/move
e2e4 e7e5 g1f3 b8c6 f1b5 g8f6 e1g1 f6e4 f1e1 e4d6                               : 1 000 000 moves, avg. D39, 033 counts/move
e2e4 e7e5 g1f3 b8c6 f1c4 f8c5 c2c3 g8f6 d2d3 e8g8                               : 1 000 000 moves, avg. D37, 038 counts/move
d2d4 d7d5 g1f3 e7e6 c2c4 g8f6 b1c3 f8b4 e2e3 e8g8                               : ....5 245 moves, avg. D42, 022 counts/move
d2d4 d7d5 g1f3 e7e6 c2c4 g8f6 b1c3 f8b4 c1g5 b8d7                               : ...43 996 moves, avg. D40, 018 counts/move
e2e4 e7e5 g1f3 g8f6 d2d4 f6e4 f1d3 d7d5 f3e5 b8d7                               : ....7 348 moves, avg. D44, 017 counts/move
e2e4 c7c5 g1f3 e7e6 d2d4 c5d4 f3d4 b8c6 b1c3 d8c7                               : ...74 553 moves, avg. D40, 017 counts/move
d2d4 g8f6 c2c4 c7c6 c1f4 d7d5 e2e3 e7e6 g1f3 f8d6                               : ......308 moves, avg. D43, 015 counts/move
d2d4 g8f6 c2c4 e7e6 g1f3 b7b6 g2g3 c8a6 b2b3 f8b4                               : ...70 050 moves, avg. D43, 034 counts/move
c2c4 e7e5 b1c3 g8f6 g1f3 b8c6 g2g3 f8b4 f1g2 e8g8                               : ....3 612 moves, avg. D48, 022 counts/move
e2e4 e7e5 g1f3 b8c6 f1c4 g8f6 f3g5 d7d5 e4d5 c6a5                               : ....9 196 moves, avg. D48, 031 counts/move
d2d4 g8f6 c2c4 e7e6 b1c3 f8b4 d1c2 d7d5 c4d5 e6d5                               : ....1 285 moves, avg. D32, 012 counts/move
d2d4 g8f6 c2c4 c7c6 c1f4 d7d5 e2e3 e7e6 a2a3 b8d7                               : .......38 moves, avg. D01, 001 counts/move
g1f3 d7d5 g2g3 c8g4 f1g2 c7c6 e1g1 g8f6 d2d3 b8d7                               : .......33 moves, avg. D03, 005 counts/move
d2d4 g8f6 c2c4 e7e6 b1c3 f8b4 e2e3 c7c5 f1d3 d7d5                               : ....5 769 moves, avg. D42, 019 counts/move
d2d4 d7d5 c2c4 e7e6 b1c3 g8f6 c4d5 e6d5 c1g5 f8e7                               : 1 000 000 moves, avg. D35, 028 counts/move
d2d4 g8f6 c2c4 g7g6 b1c3 f8g7 e2e4 d7d6 f2f3 e8g8                               : ....1 139 moves, avg. D35, 032 counts/move
e2e4 c7c5 g1f3 b8c6 d2d4 c5d4 f3d4 g8f6 b1c3 d7d6                               : ..145 417 moves, avg. D49, 023 counts/move
d2d4 d7d5 c2c4 c7c6 g1f3 e7e6 e2e3 g8f6 f1d3 b8d7                               : ....1 876 moves, avg. D38, 017 counts/move
c2c4 c7c5 g1f3 b8c6 d2d4 c5d4 f3d4 g8f6 b1c3 e7e6                               : ....8 462 moves, avg. D47, 019 counts/move
e2e4 c7c5 g1f3 e7e6 d2d4 c5d4 f3d4 a7a6 b1c3 d8c7                               : ....1 265 moves, avg. D36, 014 counts/move
e2e4 e7e5 g1f3 g8f6 f3e5 d7d6 e5f3 f6e4 b1c3 e4c3                               : ...13 868 moves, avg. D45, 019 counts/move
e2e4 c7c5 g1f3 d7d6 f1b5 b8c6 e1g1 c8d7 f1e1 g8f6                               : ....1 259 moves, avg. D39, 074 counts/move
e2e4 e7e5 g1f3 b8c6 f1b5 a7a6 b5a4 g8f6 d2d3 b7b5                               : 1 000 000 moves, avg. D39, 050 counts/move
d2d4 g8f6 c2c4 e7e6 g1f3 b7b6 g2g3 c8b7 f1g2 f8e7                               : ....4 338 moves, avg. D40, 022 counts/move
e2e4 e7e5 g1f3 b8c6 f1c4 f8c5 e1g1 g8f6 d2d3 d7d6                               : 1 000 000 moves, avg. D36, 035 counts/move
g1f3 g8f6 g2g3 g7g6 f1g2 f8g7 d2d4 d7d5 e1g1 e8g8                               : ......309 moves, avg. D29, 010 counts/move
e2e4 e7e5 g1f3 b8c6 f1c4 g8f6 d2d3 f8c5 e1g1 e8g8                               : 1 000 000 moves, avg. D36, 034 counts/move
e2e4 c7c6 d2d4 d7d5 e4d5 c6d5 g1f3 b8c6 c2c3 g8f6                               : ....3 892 moves, avg. D40, 017 counts/move
c2c4 e7e6 g1f3 d7d5 d2d4 f8e7 b1c3 g8f6 c1g5 h7h6                               : ...12 233 moves, avg. D41, 028 counts/move
d2d4 g8f6 c2c4 e7e6 b1c3 f8b4 g1f3 b7b6 c1g5 c8b7                               : .......34 moves, avg. D02, 001 counts/move
e2e4 e7e6 d2d4 d7d5 b1c3 d5e4 c3e4 b8d7 g1f3 g8f6                               : ....2 284 moves, avg. D41, 021 counts/move
d2d4 g8f6 c2c4 e7e6 b1c3 f8b4 g1f3 b4c3 b2c3 b7b6                               : ......263 moves, avg. D28, 026 counts/move
e2e4 c7c5 g1f3 d7d6 d2d4 c5d4 d1d4 b8c6 f1b5 c8d7                               : .......54 moves, avg. D01, 001 counts/move
d2d4 d7d5 c2c4 c7c6 g1f3 g8f6 e2e3 e7e6 b1d2 f8e7                               : ......312 moves, avg. D37, 015 counts/move
d2d4 g8f6 c2c4 e7e6 b1c3 f8b4 e2e3 c7c5 g1e2 c5d4                               : ......269 moves, avg. D31, 018 counts/move
d2d4 g8f6 c2c4 e7e6 e2e3 b7b6 g1f3 c8b7 b1c3 f8b4                               : ......996 moves, avg. D34, 024 counts/move
d2d4 d7d5 c2c4 c7c6 c4d5 c6d5 c1f4 g8f6 b1c3 b8c6                               : ...21 789 moves, avg. D45, 024 counts/move
e2e4 c7c6 d2d4 d7d5 b1c3 d5e4 c3e4 g8f6 e4f6 e7f6                               : ....1 309 moves, avg. D35, 013 counts/move
e2e4 e7e5 g1f3 b8c6 f1c4 g8f6 d2d3 f8c5 c2c3 d7d6                               : 1 000 000 moves, avg. D36, 036 counts/move
c2c4 e7e6 g1f3 d7d5 e2e3 c7c5 d2d4 g8f6 b1c3 b8c6                               : ....9 197 moves, avg. D49, 021 counts/move
c2c4 c7c5 g1f3 g8f6 g2g3 d7d5 f1g2 d5d4 e1g1 e7e6                               : ..116 880 moves, avg. D50, 023 counts/move
e2e4 c7c6 d2d4 d7d5 e4e5 c6c5 d4c5 e7e6 a2a3 b8c6                               : ......488 moves, avg. D40, 014 counts/move
e2e4 e7e5 g1f3 b8c6 f1b5 g8f6 e1g1 f6e4 d2d4 e4d6                               : 1 000 000 moves, avg. D44, 037 counts/move
d2d4 g8f6 c2c4 e7e6 b1c3 f8b4 g1f3 b7b6 e2e3 e8g8                               : ....2 863 moves, avg. D36, 020 counts/move
c2c4 c7c6 d2d4 d7d5 g1f3 g8f6 e2e3 e7e6 b2b3 c6c5                               : ......443 moves, avg. D35, 026 counts/move
g1f3 g8f6 d2d4 c7c6 c1f4 d7d5 e2e3 c8f5 b1d2 e7e6                               : ......466 moves, avg. D36, 014 counts/move
c2c4 e7e6 g1f3 d7d5 d2d4 f8e7 g2g3 g8f6 f1g2 e8g8                               : ...98 416 moves, avg. D38, 089 counts/move
c2c4 c7c6 e2e4 d7d5 e4d5 c6d5 d2d4 g8f6 b1c3 b8c6                               : ....1 340 moves, avg. D46, 022 counts/move
d2d4 d7d5 c2c4 c7c6 e2e3 c8f5 g1f3 e7e6 f1d3 f5d3                               : .......29 moves, avg. D01, 001 counts/move
e2e4 c7c5 g1f3 d7d6 d2d4 c5d4 f1b5 b8d7 f3d4 g7g6                               : ......108 moves, avg. D24, 012 counts/move
g1f3 g8f6 g2g3 g7g6 d2d4 f8g7 f1g2 d7d5 c2c4 e8g8                               : .......35 moves, avg. D03, 002 counts/move
e2e4 c7c5 g1f3 d7d6 d2d4 c5d4 f1b5 c8d7 f3d4 g8f6                               : .......70 moves, avg. D54, 011 counts/move
d2d4 g8f6 g1f3 d7d5 c2c4 d5c4 e2e3 e7e6 f1c4 c7c5                               : ..175 357 moves, avg. D45, 018 counts/move
e2e4 c7c5 g1f3 d7d6 d2d4 c5d4 f1b5 b8c6 f3d4 c8d7                               : ......411 moves, avg. D51, 014 counts/move
d2d4 d7d5 e2e3 g8f6 g1f3 e7e6 f1d3 c7c5 b2b3 b8c6                               : ...19 041 moves, avg. D45, 026 counts/move
e2e4 c7c5 g1f3 d7d6 d2d4 c5d4 f1b5 b8d7 f3d4 g8f6                               : .......47 moves, avg. D01, 001 counts/move
e2e4 e7e6 d2d4 d7d5 b1c3 g8f6 e4e5 f6d7 f2f4 c7c5                               : 1 000 000 moves, avg. D36, 068 counts/move
c2c4 e7e6 g1f3 g8f6 b1c3 f8b4 d1c2 e8g8 a2a3 b4c3                               : ......243 moves, avg. D29, 011 counts/move
d2d4 g8f6 c2c4 g7g6 b1c3 f8g7 g2g3 d7d5 c4d5 f6d5                               : ......427 moves, avg. D39, 027 counts/move
d2d4 g8f6 c2c4 e7e6 e2e3 b7b6 g1f3 c8b7 b1c3 d7d5                               : ...11 679 moves, avg. D44, 029 counts/move
c2c4 c7c5 g1f3 g8f6 g2g3 d7d5 d2d4 d5c4 d1a4 d8d7                               : ......955 moves, avg. D45, 020 counts/move
d2d4 d7d5 c2c4 c7c6 g1f3 e7e6 e2e3 g8f6 d1c2 f8d6                               : 1 000 000 moves, avg. D39, 033 counts/move
d2d4 g8f6 c2c4 g7g6 b1c3 d7d5 g1f3 f8g7 c1f4 e8g8                               : ......313 moves, avg. D43, 023 counts/move
d2d4 d7d5 e2e3 c8f5 g1f3 c7c6 f1d3 e7e6 d3f5 e6f5                               : .......29 moves, avg. D01, 001 counts/move
e2e4 c7c6 d2d4 d7d5 e4d5 c6d5 g1f3 g8f6 c2c4 g7g6                               : ....2 037 moves, avg. D34, 047 counts/move
d2d4 g8f6 c2c4 e7e6 g2g3 d7d5 f1g2 d5c4 g1f3 a7a6                               : ......934 moves, avg. D38, 021 counts/move
e2e4 e7e5 g1f3 b8c6 f1b5 a7a6 b5a4 g8f6 d2d3 f8c5                               : 1 000 000 moves, avg. D42, 037 counts/move
g1f3 g8f6 d2d4 c7c6 c1f4 d7d5 e2e3 c8f5 c2c4 e7e6                               : ......140 moves, avg. D28, 012 counts/move
g1f3 g8f6 c2c4 b7b6 d2d4 e7e6 g2g3 c8a6 b1d2 c7c5                               : .......28 moves, avg. D04, 008 counts/move
d2d4 g8f6 c2c4 c7c6 g1f3 d7d5 b1c3 a7a6 a2a4 e7e6                               : .......38 moves, avg. D03, 002 counts/move
e2e4 c7c5 c2c3 d7d5 e4d5 d8d5 d2d4 b8c6 g1f3 e7e6                               : .......36 moves, avg. D01, 001 counts/move
d2d4 g8f6 c2c4 e7e6 g1f3 d7d5 b1c3 f8e7 c1f4 e8g8                               : ..524 775 moves, avg. D45, 018 counts/move
e2e4 c7c6 d2d4 d7d5 e4e5 c8f5 g1f3 e7e6 c2c3 b8d7                               : ....2 871 moves, avg. D35, 020 counts/move
e2e4 e7e5 g1f3 b8c6 f1b5 g8f6 d2d3 f8c5 b5c6 d7c6                               : 1 000 000 moves, avg. D37, 022 counts/move
c2c4 c7c5 g1f3 g8f6 b1c3 e7e6 d2d4 c5d4 f3d4 f8b4                               : .......32 moves, avg. D01, 001 counts/move
g1f3 d7d5 d2d4 e7e6 g2g3 c7c5 f1g2 c5d4 f3d4 g8f6                               : ....6 812 moves, avg. D49, 029 counts/move
g1f3 c7c5 c2c4 b8c6 e2e3 e7e6 d2d4 d7d5 d4c5 f8c5                               : .......86 moves, avg. D18, 012 counts/move
e2e4 c7c5 g1f3 d7d6 d2d4 c5d4 d1d4 g8f6 b1c3 b8c6                               : ......162 moves, avg. D28, 040 counts/move
e2e4 e7e5 g1f3 b8c6 d2d4 e5d4 f3d4 g8f6 d4c6 b7c6                               : ..197 509 moves, avg. D56, 016 counts/move
d2d4 d7d5 g1f3 e7e6 c2c4 c7c6 b1c3 d5c4 a2a4 f8b4                               : ...16 162 moves, avg. D39, 017 counts/move
d2d4 g8f6 c2c4 e7e6 b1c3 f8b4 g1f3 e8g8 d1c2 d7d5                               : ....4 824 moves, avg. D46, 021 counts/move
d2d4 d7d5 e2e3 c8f5 g1f3 e7e6 f1d3 f5d3 d1d3 b8c6                               : .......41 moves, avg. D01, 001 counts/move
e2e4 c7c5 b1c3 g7g6 g1f3 b8c6 d2d4 c5d4 f3d4 f8g7                               : ...19 036 moves, avg. D39, 028 counts/move
g1f3 c7c5 c2c4 b8c6 b1c3 g8f6 g2g3 d7d6 f1g2 e7e5                               : ......267 moves, avg. D28, 018 counts/move
e2e4 c7c5 c2c3 d7d5 e4d5 d8d5 d2d4 g8f6 g1f3 e7e6                               : ......637 moves, avg. D33, 009 counts/move
e2e4 c7c5 b1c3 b8c6 g1f3 e7e5 f1c4 f8e7 d2d3 d7d6                               : ...10 336 moves, avg. D44, 018 counts/move
c2c4 e7e6 d2d4 d7d5 b1c3 c7c6 e2e4 d5e4 c3e4 f8b4                               : ..150 238 moves, avg. D49, 037 counts/move
e2e4 c7c6 d2d4 d7d5 e4d5 c6d5 f1d3 b8c6 c2c3 g8f6                               : ......121 moves, avg. D18, 004 counts/move
e2e4 e7e5 g1f3 b8c6 f1b5 a7a6 b5a4 g8f6 d2d3 d7d6                               : ..627 319 moves, avg. D40, 020 counts/move
d2d4 d7d5 c2c4 c7c6 g1f3 g8f6 b1c3 a7a6 c4d5 c6d5                               : ....3 280 moves, avg. D43, 027 counts/move
c2c4 c7c6 e2e4 d7d5 e4d5 c6d5 d2d4 g8f6 b1c3 e7e6                               : ......145 moves, avg. D26, 012 counts/move
e2e4 e7e6 d2d4 d7d5 b1c3 g8f6 c1g5 d5e4 c3e4 b8d7                               : ......168 moves, avg. D29, 013 counts/move
d2d4 g8f6 c2c4 e7e6 b1c3 f8b4 d1c2 e8g8 e2e4 d7d6                               : ......296 moves, avg. D43, 014 counts/move
g1f3 g8f6 d2d4 d7d5 c1f4 c8f5 e2e3 e7e6 f1d3 f8d6                               : ......136 moves, avg. D26, 013 counts/move
d2d4 g8f6 c2c4 g7g6 b1c3 f8g7 e2e4 d7d6 f1e2 e8g8                               : ...41 077 moves, avg. D38, 019 counts/move
g1f3 d7d5 e2e3 g8f6 d2d4 e7e6 f1d3 c7c5 c2c3 b7b6                               : ......486 moves, avg. D31, 032 counts/move
c2c4 e7e5 b1c3 g8f6 g1f3 b8c6 g2g3 d7d5 c4d5 f6d5                               : ..418 806 moves, avg. D48, 024 counts/move
d2d4 g8f6 c2c4 c7c6 b1c3 d7d5 g1f3 a7a6 c4c5 b8d7                               : ......197 moves, avg. D32, 019 counts/move
d2d4 g8f6 c2c4 e7e6 b1c3 f8b4 e2e3 e8g8 f1d3 d7d5                               : ....8 966 moves, avg. D43, 019 counts/move
g1f3 d7d5 e2e3 g8f6 d2d4 e7e6 f1d3 c7c5 c2c3 b8c6                               : .......40 moves, avg. D01, 001 counts/move
g1f3 c7c5 e2e4 d7d6 c2c3 g8f6 h2h3 c8d7 f1d3 b8c6                               : .......32 moves, avg. D01, 001 counts/move
d2d4 g8f6 c2c4 e7e6 b1c3 f8b4 d1c2 e8g8 e2e4 d7d5                               : ...16 207 moves, avg. D44, 037 counts/move
g1f3 d7d5 d2d4 g8f6 c1f4 b8c6 e2e3 f6h5 f4e5 f7f6                               : .......35 moves, avg. D01, 001 counts/move
c2c4 c7c5 g1f3 g8f6 b1c3 e7e6 d2d4 d7d5 c4d5 f6d5                               : ....3 253 moves, avg. D44, 022 counts/move
g1f3 d7d5 g2g3 g8f6 d2d4 e7e6 f1g2 c7c5 c2c4 d5c4                               : ....3 932 moves, avg. D37, 023 counts/move
e2e4 c7c5 g1f3 e7e6 b1c3 a7a6 f1e2 d7d6 d2d4 c5d4                               : ......275 moves, avg. D29, 010 counts/move
e2e4 c7c5 g1f3 e7e6 b1c3 a7a6 f1e2 b7b5 e1g1 c8b7                               : .......53 moves, avg. D13, 004 counts/move
d2d4 g8f6 c2c4 e7e6 g1f3 d7d5 b1c3 f8e7 c4d5 e6d5                               : ...13 289 moves, avg. D46, 020 counts/move
e2e4 c7c5 g1f3 e7e6 b1c3 a7a6 f1e2 b7b5 d2d4 c5d4                               : ......253 moves, avg. D23, 006 counts/move
d2d4 d7d5 g1f3 g8f6 e2e3 c7c6 c2c4 e7e6 b2b3 b8d7                               : ....4 271 moves, avg. D36, 019 counts/move
c2c4 e7e6 g1f3 g8f6 b1c3 f8b4 d2d4 e8g8 c1g5 d7d6                               : .......33 moves, avg. D01, 001 counts/move
e2e4 c7c5 g1f3 e7e6 d2d4 c5d4 f3d4 a7a6 f1d3 f8c5                               : .......47 moves, avg. D03, 001 counts/move
e2e4 c7c6 f1e2 d7d5 e4e5 c6c5 g1f3 e7e6 e1g1 g8e7                               : .......25 moves, avg. D01, 001 counts/move
d2d4 g8f6 c2c4 e7e6 b1c3 f8b4 g1f3 e8g8 c1g5 h7h6                               : .......33 moves, avg. D01, 001 counts/move
e2e4 c7c5 g1f3 d7d6 f1b5 c8d7 b5d7 d8d7 c2c4 b8c6                               : ....5 071 moves, avg. D36, 016 counts/move
e2e4 c7c6 d2d4 d7d5 e4d5 c6d5 g1f3 b8c6 c1f4 g8f6                               : ......126 moves, avg. D28, 011 counts/move
d2d4 g8f6 c2c4 e7e6 b1c3 f8b4 e2e3 c7c5 g1e2 d7d5                               : .......24 moves, avg. D01, 001 counts/move
d2d4 d7d5 g1f3 g8f6 c1f4 c8f5 e2e3 e7e6 f1e2 f8d6                               : .......70 moves, avg. D46, 013 counts/move
e2e4 c7c5 g1f3 e7e6 d2d4 c5d4 f3d4 a7a6 f1d3 g8f6                               : ....3 467 moves, avg. D35, 018 counts/move
c2c4 g8f6 g1f3 c7c5 b1c3 e7e6 g2g3 b7b6 f1g2 c8b7                               : 1 000 000 moves, avg. D39, 021 counts/move
e2e4 c7c5 g1f3 d7d6 d2d4 c5d4 f3d4 g8f6 f1d3 b8c6                               : .......45 moves, avg. D02, 001 counts/move
d2d4 d7d5 c2c4 e7e6 g1f3 f8e7 b1c3 g8f6 c1f4 b7b6                               : .......98 moves, avg. D20, 010 counts/move
d2d4 d7d5 g1f3 g8f6 e2e3 e7e6 b1d2 c7c5 b2b3 b8c6                               : ...27 068 moves, avg. D43, 031 counts/move
e2e4 c7c5 g1f3 e7e6 d2d4 c5d4 f3d4 a7a6 c2c4 g8f6                               : .......44 moves, avg. D06, 010 counts/move
d2d4 d7d5 c2c4 e7e6 g1f3 g8f6 e2e3 d5c4 f1c4 a7a6                               : ..145 393 moves, avg. D44, 017 counts/move
d2d4 g8f6 c2c4 g7g6 b1c3 f8g7 g2g3 e8g8 f1g2 c7c5                               : .......40 moves, avg. D01, 001 counts/move
d2d4 g8f6 c2c4 c7c6 c1f4 d7d5 e2e3 e7e6 a2a3 f8d6                               : .......36 moves, avg. D01, 001 counts/move
e2e4 e7e5 g1f3 b8c6 f1b5 g8f6 d2d3 f8c5 c2c3 e8g8                               : 1 000 000 moves, avg. D41, 038 counts/move
d2d4 d7d5 g1f3 g8f6 e2e3 e7e6 b1d2 f8e7 b2b3 e8g8                               : ......782 moves, avg. D32, 011 counts/move
e2e4 c7c6 b1c3 d7d5 g1f3 c8g4 h2h3 g4f3 d1f3 g8f6                               : ....3 044 moves, avg. D38, 017 counts/move
g1f3 g8f6 c2c4 e7e6 b1c3 f8b4 e2e3 c7c5 d2d4 b4c3                               : .......94 moves, avg. D20, 012 counts/move
e2e4 e7e6 d2d4 d7d5 b1d2 c7c5 g1f3 c5d4 f3d4 b8c6                               : .......33 moves, avg. D02, 001 counts/move
e2e4 c7c5 c2c3 g8f6 e4e5 f6d5 g1f3 b8c6 f1c4 d5b6                               : ......493 moves, avg. D31, 013 counts/move
d2d4 d7d5 e2e3 c8f5 g1f3 e7e6 f1d3 b8c6 e1g1 g8f6                               : .......98 moves, avg. D19, 010 counts/move
d2d4 g8f6 c2c4 g7g6 b1c3 f8g7 g2g3 e8g8 f1g2 b8c6                               : .......39 moves, avg. D01, 001 counts/move
e2e4 c7c5 g1f3 d7d6 d2d4 c5d4 f3d4 g8f6 f1d3 g7g6                               : .......44 moves, avg. D01, 001 counts/move
g1f3 d7d5 g2g3 c7c6 f1g2 c8g4 e1g1 b8d7 d2d4 g8f6                               : .......59 moves, avg. D16, 008 counts/move
e2e4 e7e5 g1f3 b8c6 f1c4 f8c5 c2c3 g8f6 d2d4 e5d4                               : ...18 565 moves, avg. D42, 022 counts/move
e2e4 c7c5 c2c3 d7d5 e4d5 d8d5 d2d4 b8c6 g1f3 c8g4                               : .......35 moves, avg. D01, 001 counts/move
e2e4 c7c5 g1e2 d7d6 b1c3 g8f6 g2g3 e7e5 f1g2 f8e7                               : .......26 moves, avg. D01, 001 counts/move
e2e4 c7c5 b1c3 a7a6 g1f3 e7e6 f1e2 b8c6 e1g1 g8f6                               : .......28 moves, avg. D01, 001 counts/move
d2d4 g8f6 c2c4 e7e6 g2g3 d7d5 g1f3 d5c4 f1g2 b8c6                               : .......34 moves, avg. D03, 002 counts/move
e2e4 c7c5 g1e2 d7d6 b1c3 g8f6 g2g3 b8c6 f1g2 e7e6                               : .......27 moves, avg. D01, 001 counts/move
e2e4 e7e6 d2d4 d7d5 b1d2 c7c5 e4d5 e6d5 g1f3 g8f6                               : ......572 moves, avg. D35, 015 counts/move
d2d4 d7d5 c2c4 e7e6 g1f3 g8f6 e2e3 f8e7 b2b3 e8g8                               : ....4 025 moves, avg. D46, 019 counts/move
e2e4 e7e6 d2d4 d7d5 e4e5 c7c5 c2c3 b8c6 g1f3 c8d7                               : ......942 moves, avg. D30, 018 counts/move
g1f3 c7c5 e2e4 d7d6 c2c3 g8f6 f1d3 c8g4 d3c2 b8c6                               : .......26 moves, avg. D01, 001 counts/move
d2d4 d7d5 g1f3 g8f6 c1f4 c8f5 e2e3 e7e6 f1d3 f5g6                               : .......42 moves, avg. D01, 001 counts/move
e2e4 c7c5 g1e2 g8f6 b1c3 d7d6 g2g3 g7g6 f1g2 f8g7                               : .......39 moves, avg. D03, 002 counts/move
d2d4 d7d5 g1f3 e7e6 c2c4 g8f6 b1c3 f8b4 c1g5 h7h6                               : ...67 880 moves, avg. D50, 038 counts/move
e2e4 c7c5 g1e2 d7d6 b1c3 g8f6 d2d3 b8c6 g2g3 g7g6                               : .......29 moves, avg. D01, 001 counts/move
d2d4 d7d5 c2c4 c7c6 g1f3 e7e6 e2e3 g8f6 d1c2 b7b6                               : .......37 moves, avg. D01, 001 counts/move
e2e4 c7c5 g1f3 d7d6 f1b5 b8d7 d2d4 c5d4 d1d4 a7a6                               : ......686 moves, avg. D37, 015 counts/move
g1f3 c7c5 c2c4 b8c6 b1c3 g7g6 e2e3 g8f6 d2d4 c5d4                               : ..279 814 moves, avg. D49, 020 counts/move
d2d4 g8f6 c2c4 e7e6 g2g3 d7d5 g1f3 f8b4 c1d2 b4e7                               : 1 000 000 moves, avg. D35, 040 counts/move
g1f3 c7c5 c2c4 b8c6 e2e3 g8f6 b1c3 e7e5 d2d4 e5e4                               : ....1 151 moves, avg. D56, 020 counts/move
g1f3 d7d5 e2e3 c7c5 b2b3 g8f6 c1b2 e7e6 d2d4 b8c6                               : ...46 076 moves, avg. D44, 029 counts/move
e2e4 e7e5 g1f3 b8c6 f1c4 f8c5 e1g1 d7d6 c2c3 c5b6                               : ....2 105 moves, avg. D40, 016 counts/move
e2e4 c7c5 c2c3 g8f6 e4e5 f6d5 g1f3 d7d6 d2d4 c5d4                               : ....1 165 moves, avg. D40, 022 counts/move
d2d4 d7d5 c1f4 g8f6 b1d2 e7e6 g1f3 f8d6 e2e3 b7b6                               : ......418 moves, avg. D54, 013 counts/move
c2c4 e7e5 b1c3 g8f6 g1f3 b8c6 g2g3 f8b4 c3d5 b4c5                               : ......177 moves, avg. D39, 018 counts/move
e2e4 e7e5 g1f3 b8c6 f1c4 f8c5 d2d3 g8f6 c2c3 a7a6                               : 1 000 000 moves, avg. D37, 023 counts/move
e2e4 e7e5 g1f3 g8f6 d2d4 f6e4 f3e5 d7d5 b1d2 b8d7                               : .......37 moves, avg. D01, 001 counts/move
g1f3 e7e6 c2c4 d7d5 d2d4 g8f6 b1c3 f8e7 d1c2 e8g8                               : .......46 moves, avg. D04, 003 counts/move
e2e4 c7c6 d2d4 d7d5 e4e5 c8f5 g1f3 e7e6 f1e2 c6c5                               : ....1 210 moves, avg. D36, 016 counts/move
g1f3 g8f6 c2c4 c7c5 g2g3 d7d5 d2d4 d5c4 d1a4 b8c6                               : ......292 moves, avg. D30, 015 counts/move
e2e4 e7e5 g1f3 b8c6 f1c4 f8c5 c2c3 g8f6 d2d3 a7a5                               : 1 000 000 moves, avg. D38, 043 counts/move
d2d4 d7d5 c2c4 e7e6 c4d5 e6d5 b1c3 c7c6 c1f4 g8f6                               : ...22 168 moves, avg. D50, 030 counts/move
e2e4 e7e5 g1f3 b8c6 f1c4 f8c5 d2d3 d7d6 f3g5 g8h6                               : ......124 moves, avg. D27, 011 counts/move
e2e4 c7c5 g1e2 d7d6 b1c3 g8f6 d2d3 e7e5 f2f4 f8e7                               : .......25 moves, avg. D01, 001 counts/move
e2e4 e7e6 d2d4 d7d5 e4e5 c7c5 c2c3 b8c6 g1f3 d8b6                               : ......465 moves, avg. D30, 029 counts/move
d2d4 d7d5 c2c4 c7c6 g1f3 g8f6 b1c3 a7a6 h2h3 e7e6                               : .......36 moves, avg. D01, 001 counts/move
e2e4 c7c6 d2d4 d7d5 e4e5 c6c5 g1f3 c8g4 d4c5 b8c6                               : ......193 moves, avg. D25, 008 counts/move
e2e4 e7e6 d2d4 d7d5 b1d2 c7c5 g1f3 g8f6 e4e5 f6d7                               : ...22 212 moves, avg. D36, 071 counts/move
d2d4 g8f6 c2c4 g7g6 b1c3 f8g7 g2g3 e8g8 f1g2 d7d6                               : ....3 268 moves, avg. D36, 022 counts/move
e2e4 c7c5 g1e2 d7d6 b1c3 g8f6 g2g3 b8c6 d2d3 e7e6                               : .......29 moves, avg. D01, 001 counts/move
d2d4 g8f6 c2c4 e7e6 g2g3 f8b4 c1d2 b4e7 f1g2 d7d5                               : 1 000 000 moves, avg. D35, 040 counts/move
d2d4 d7d5 c2c4 e7e6 c4d5 e6d5 b1c3 c7c6 c1f4 c8f5                               : ......220 moves, avg. D29, 021 counts/move
e2e4 c7c5 g1f3 b8c6 f1b5 e7e6 e1g1 g8e7 d2d4 c5d4                               : ......818 moves, avg. D35, 017 counts/move
e2e4 e7e5 g1f3 b8c6 f1c4 f8c5 e1g1 g8f6 d2d3 a7a5                               : 1 000 000 moves, avg. D38, 042 counts/move
d2d4 d7d5 c1f4 g8f6 b1d2 e7e6 g1f3 f8d6 e2e3 e8g8                               : ......118 moves, avg. D22, 036 counts/move
g1f3 g8f6 c2c4 b7b6 d2d4 e7e6 g2g3 c8a6 d1c2 a6b7                               : ......598 moves, avg. D44, 034 counts/move
d2d4 d7d5 c1f4 c7c5 g1f3 c5d4 c2c3 d8b6 c3d4 g8f6                               : ......123 moves, avg. D28, 010 counts/move
e2e4 c7c5 c2c3 d7d5 e4d5 d8d5 d2d4 b8c6 g1f3 c8f5                               : .......36 moves, avg. D01, 001 counts/move
e2e4 e7e5 g1f3 b8c6 f1c4 g8f6 d2d3 f8c5 c2c3 c5b6                               : 1 000 000 moves, avg. D46, 033 counts/move
e2e4 c7c5 g1f3 d7d6 d2d4 c5d4 f3d4 g8f6 f2f3 e7e6                               : .......38 moves, avg. D01, 001 counts/move
d2d4 d7d5 c2c4 e7e6 b1c3 g8f6 g1f3 f8b4 c4d5 e6d5                               : ...58 415 moves, avg. D44, 021 counts/move
e2e4 c7c5 g1f3 d7d6 d2d4 c5d4 f3d4 g8f6 b1c3 a7a6 c1e3 f6g4                     : 1 000 000 moves, avg. D36, 044 counts/move
d2d4 d7d5 c2c4 c7c6 e2e3 c8f5 g1f3 e7e6 b1c3 f8d6                               : .......35 moves, avg. D01, 001 counts/move
d2d4 g8f6 c2c4 e7e6 b1c3 f8b4 d1c2 d7d5 c4d5 d8d5                               : .......55 moves, avg. D03, 004 counts/move
d2d4 g8f6 g1f3 c7c6 c2c4 e7e6 c1f4 f8e7 b1c3 d7d5                               : .......40 moves, avg. D05, 002 counts/move
e2e4 c7c5 g1f3 b8c6 f1b5 g7g6 b5c6 d7c6 d2d3 f8g7                               : ......125 moves, avg. D29, 014 counts/move
g1f3 c7c5 c2c4 b8c6 e2e3 e7e5 b1c3 g8f6 f1e2 d7d5                               : ......273 moves, avg. D32, 008 counts/move
e2e4 e7e5 g1f3 b8c6 f1c4 f8c5 d2d3 g8f6 c1g5 h7h6                               : .......44 moves, avg. D04, 001 counts/move
d2d4 d7d5 g1f3 g8f6 c1f4 c8f5 e2e3 e7e6 b1c3 c7c6                               : .......42 moves, avg. D01, 001 counts/move
e2e4 c7c5 g1f3 d7d6 f1b5 b8d7 d2d4 g8f6 b1c3 c5d4                               : .......52 moves, avg. D05, 005 counts/move
d2d4 g8f6 c2c4 e7e6 b1c3 f8b4 f2f3 c7c5 d4d5 d7d6                               : ....1 256 moves, avg. D51, 022 counts/move
d2d4 g8f6 g1f3 c7c6 c2c4 d7d5 b1c3 a7a6 e2e3 b7b5                               : ......285 moves, avg. D35, 010 counts/move
e2e4 c7c5 g1f3 b8c6 f1b5 g7g6 e1g1 f8g7 f1e1 g8f6                               : ....1 446 moves, avg. D34, 019 counts/move
d2d4 d7d5 g1f3 g8f6 c1f4 c8f5 e2e3 e7e6 c2c4 d5c4                               : .......43 moves, avg. D02, 002 counts/move
e2e4 c7c5 g1f3 d7d6 f1b5 c8d7 b5d7 d8d7 c2c4 g7g6                               : ....3 001 moves, avg. D31, 017 counts/move
d2d4 g8f6 g1f3 c7c6 c2c4 e7e6 e2e3 d7d5 f1d3 d5c4                               : ..298 009 moves, avg. D44, 018 counts/move
e2e4 e7e6 d2d4 d7d5 b1d2 c7c5 g1f3 c5d4 f3d4 g8f6                               : .......69 moves, avg. D14, 005 counts/move
g1f3 c7c5 e2e4 d7d6 c2c3 g8f6 f1d3 c8g4 e1g1 b8c6                               : .......27 moves, avg. D01, 001 counts/move
d2d4 d7d5 c2c4 e7e6 c4d5 e6d5 b1c3 c7c6 g1f3 g8f6                               : ...15 258 moves, avg. D47, 023 counts/move
g1f3 g8f6 c2c4 e7e6 b1c3 f8b4 e2e3 c7c5 d2d4 b8c6                               : .......29 moves, avg. D02, 001 counts/move
e2e4 c7c6 d2d4 d7d5 e4e5 c8f5 g1f3 e7e6 f1e2 b8d7 c2c3 g8e7 e1g1 h7h6           : ....2 651 moves, avg. D35, 021 counts/move
d2d4 d7d5 c2c4 c7c6 g1f3 g8f6 b1c3 e7e6 e2e3 b8d7 f1d3 d5c4 d3c4 b7b5           : 1 000 000 moves, avg. D48, 051 counts/move
e2e4 e7e5 g1f3 b8c6 f1b5 g8f6 d2d3 f8c5 b1d2 d7d6                               : 1 000 000 moves, avg. D42, 041 counts/move
e2e4 c7c5 g1f3 d7d6 d2d4 c5d4 f3d4 g8f6 b1c3 a7a6 f1e2 e7e6                     : ......258 moves, avg. D30, 011 counts/move
g1f3 g8f6 g2g3 d7d5 d2d4 c7c5 f1g2 c5d4 e1g1 e7e6                               : ....6 256 moves, avg. D50, 028 counts/move
e2e4 c7c5 g1f3 e7e6 b1c3 b8c6 d2d4 c5d4 f3d4 g8f6                               : ...35 507 moves, avg. D44, 029 counts/move
g1f3 e7e6 d2d4 d7d5 c2c4 g8f6 b1c3 a7a6 c4d5 e6d5                               : ....4 747 moves, avg. D29, 013 counts/move
e2e4 c7c5 g1f3 d7d6 f1b5 b8d7 d2d4 c5d4 d1d4 e7e5                               : .......25 moves, avg. D03, 002 counts/move
e2e4 e7e5 g1f3 b8c6 d2d4 e5d4 f3d4 f8c5 d4c6 b7c6                               : .......39 moves, avg. D01, 001 counts/move
e2e4 c7c5 g1f3 d7d6 d2d4 c5d4 d1d4 b8c6 d4d3 g7g6                               : ......157 moves, avg. D27, 048 counts/move
c2c4 e7e5 b1c3 g8f6 g1f3 b8c6 g2g3 f8c5 f1g2 d7d6                               : ....1 958 moves, avg. D41, 010 counts/move
e2e4 c7c5 g1f3 b8c6 f1b5 g7g6 b5c6 b7c6 e1g1 f8g7                               : ....1 065 moves, avg. D42, 021 counts/move
d2d4 d7d5 c1f4 g7g6 b1c3 f8g7 e2e3 g8f6 g1f3 e8g8                               : .......47 moves, avg. D06, 005 counts/move
e2e4 c7c6 b1c3 d7d5 g1f3 c8g4 f1e2 d5e4 c3e4 b8d7                               : .......32 moves, avg. D01, 001 counts/move
d2d4 g8f6 c2c4 e7e6 b1c3 f8b4 f2f3 d7d5 a2a3 b4c3                               : ....3 052 moves, avg. D44, 022 counts/move
e2e4 c7c5 g1f3 d7d6 d2d4 c5d4 f3d4 g8f6 b1c3 a7a6 g2g3                          : ....1 458 moves, avg. D38, 025 counts/move
d2d4 g8f6 c2c4 c7c6 c1f4 d7d5 e2e3 e7e6 b1c3 f8e7                               : .......45 moves, avg. D01, 001 counts/move
e2e4 c7c5 g1f3 d7d6 d2d4 c5d4 f1b5 c8d7 b5d7                                    : .......39 moves, avg. D05, 004 counts/move
e2e4 e7e5 g1f3 g8f6 d2d4 f6e4 f3e5 d7d6 e5f3 d6d5                               : ..271 517 moves, avg. D41, 018 counts/move
e2e4 c7c5 g1e2 g8f6 b1c3 b8c6 d2d4 c5d4 e2d4 e7e5                               : ...24 502 moves, avg. D46, 028 counts/move
g1f3 c7c5 e2e4 d7d6 c2c3 g8f6 f1d3 e7e5 d3c2 b8c6                               : .......26 moves, avg. D01, 001 counts/move
d2d4 d7d5 g1f3 g8f6 c1f4 c7c5 e2e3 e7e6 c2c3 b8c6                               : ..562 817 moves, avg. D51, 021 counts/move
e2e4 c7c5 g1f3 e7e6 b1c3 a7a6 f1e2 b7b5 e1g1 d8c7                               : .......29 moves, avg. D03, 002 counts/move
g1f3 d7d5 d2d4 e7e6 c2c4 d5c4 e2e3 g8f6 b1c3 c7c5                               : ...16 945 moves, avg. D47, 022 counts/move
e2e4 c7c5 g1f3 d7d6 f1b5 c8d7 b5d7 b8d7 e1g1 g8f6                               : ......148 moves, avg. D40, 012 counts/move
d2d4 d7d5 g1f3 g8f6 c1f4 c8f5 e2e3 e7e6 b1c3 f8d6                               : .......40 moves, avg. D01, 001 counts/move
e2e4 e7e5 g1f3 b8c6 f1b5 a7a6 b5a4 b7b5 a4b3 g8f6 e1g1 c8b7 d2d3 f8e7           : ...13 853 moves, avg. D39, 020 counts/move
g1f3 g8f6 g2g3 g7g6 f1g2 d7d5 c2c4 c7c6 b2b3 f8g7                               : ......433 moves, avg. D40, 015 counts/move
g1f3 c7c5 e2e4 b8c6 d2d4 c5d4 f3d4 d8c7 d4b5 c7b8                               : .......44 moves, avg. D02, 001 counts/move
d2d4 g8f6 g1f3 e7e6 e2e3 b7b6 f1d3 c8b7 b1d2 c7c5                               : .......39 moves, avg. D02, 001 counts/move
e2e4 c7c5 g1f3 d7d6 d2d4 c5d4 f3d4 g8f6 b1c3 a7a6 c1g5                          : ....9 759 moves, avg. D45, 030 counts/move
g1f3 d7d5 g2g3 c7c6 f1g2 g8f6 d2d4 c8f5 c2c4 e7e6                               : .......37 moves, avg. D07, 003 counts/move
c2c4 e7e6 d2d4 g8f6 g1f3 d7d5 g2g3 d5c4 f1g2 f8b4                               : ....1 076 moves, avg. D40, 018 counts/move
d2d4 d7d5 c2c4 e7e6 c4d5 e6d5 b1c3 c7c6 d1c2 f8d6                               : ......173 moves, avg. D28, 014 counts/move
d2d4 d7d5 c1f4 g7g6 b1c3 f8g7 e2e3 g8f6 d1d2 e8g8                               : .......41 moves, avg. D01, 001 counts/move
d2d4 g8f6 c2c4 e7e6 b1c3 f8b4 g1f3 b7b6 d1c2 b4c3                               : ........6 moves, avg. D01, 001 counts/move
d2d4 g8f6 c2c4 g7g6 g2g3 d7d5 f1g2 c7c6 c4d5 c6d5                               : ...39 138 moves, avg. D45, 018 counts/move
e2e4 c7c5 g1f3 d7d6 d2d4 c5d4 f3d4 g8f6 b1c3 a7a6 f1e2 e7e5                     : ..169 834 moves, avg. D42, 067 counts/move
g1f3 g8f6 c2c4 b7b6 d2d4 e7e6 g2g3 c8a6 b1d2 d7d5                               : .......55 moves, avg. D12, 019 counts/move
e2e4 e7e5 g1f3 b8c6 f1b5 a7a6 b5a4 g8f6 e1g1 f8e7 f1e1 b7b5 a4b3 e8g8           : 1 000 000 moves, avg. D35, 041 counts/move
d2d4 g8f6 c2c4 g7g6 g2g3 c7c6 f1g2 d7d5 e2e3                                    : .......32 moves, avg. D01, 001 counts/move
e2e4 c7c5 g1f3 b8c6 f1b5 g7g6 e1g1 f8g7 d2d3 g8f6                               : .......35 moves, avg. D01, 001 counts/move
g1f3 d7d5 d2d4 e7e6 g2g3 c7c5 f1g2 b8c6 e1g1 c5d4                               : .......33 moves, avg. D01, 001 counts/move
d2d4 g8f6 c2c4 c7c6 c1f4 d8b6 d1d2 f6e4 d2c2 d7d5                               : .......42 moves, avg. D03, 002 counts/move
g1f3 g8f6 d2d4 e7e6 c2c4 b7b6 a2a3 c8a6 d1c2 a6b7                               : ......194 moves, avg. D30, 011 counts/move
g1f3 c7c5 e2e4 d7d6 c2c3 g8f6 f1d3 e7e5 e1g1 b8c6                               : .......27 moves, avg. D01, 001 counts/move
e2e4 e7e5 g1f3 b8c6 f1b5 a7a6 b5a4 b7b5 a4b3 g8f6 d2d3                          : 1 000 000 moves, avg. D39, 050 counts/move
g1f3 g8f6 d2d4 c7c6 c1f4 d8b6 b1d2 d7d5 e2e3 b6b2                               : .......36 moves, avg. D01, 001 counts/move
e2e4 e7e5 g1f3 b8c6 f1c4 f8c5 e1g1 d7d6 c2c3 g8f6                               : 1 000 000 moves, avg. D36, 035 counts/move
g1f3 d7d5 d2d4 g8f6 c1f4 c7c5 e2e3 b8c6 b1d2 d8b6                               : ..200 326 moves, avg. D54, 027 counts/move
g2g3 e7e5 c2c4 g8f6 b1c3 d7d5 c4d5 f6d5 f1g2 d5b6                               : ..822 721 moves, avg. D49, 024 counts/move
e2e4 e7e5 g1f3 b8c6 f1b5 a7a6 b5a4 g8f6 e1g1 f8e7 f1e1 b7b5 a4b3 e8g8 c2c3 d7d6 : 1 000 000 moves, avg. D36, 033 counts/move
d2d4 g8f6 c2c4 c7c6 c1f4 d7d5 e2e3 e7e6 b1c3 b8d7                               : .......45 moves, avg. D01, 001 counts/move
d2d4 g8f6 g1f3 e7e6 e2e3 b7b6 f1d3 d7d5 b1d2 c7c5                               : ...21 391 moves, avg. D45, 016 counts/move
e2e4 e7e5 g1f3 b8c6 f1b5 a7a6 b5a4 g8f6 e1g1 f6e4                               : ..508 054 moves, avg. D49, 028 counts/move
c2c4 g8f6 d2d4 g7g6 f2f3 d7d5 c4d5 f6d5 e2e4 d5b6                               : ......501 moves, avg. D34, 018 counts/move
c2c4 g8f6 d2d4 g7g6 f2f3 c7c5 d4d5 d7d6 b1c3 e7e6                               : .......45 moves, avg. D12, 010 counts/move
e2e4 c7c6 d2d4 d7d5 e4e5 c6c5 d4c5 e7e6 a2a3 f8c5                               : ....4 044 moves, avg. D48, 018 counts/move
e2e4 c7c6 d2d4 d7d5 e4e5 c6c5 d4c5 e7e6 g1f3 f8c5                               : .......71 moves, avg. D17, 017 counts/move
c2c4 e7e6 g1f3 d7d5 e2e3 g8f6 d2d4 b7b6 b1c3 f8d6                               : ...16 062 moves, avg. D43, 028 counts/move
c2c4 e7e6 d2d4 g8f6 g2g3 c7c5 d4d5 e6d5 c4d5 d7d6                               : ....1 196 moves, avg. D37, 016 counts/move
e2e4 c7c5 g1f3 d7d6 d2d4 c5d4 f3d4 g8f6 b1c3 a7a6 c1e3 e7e5 d4f3                : ....4 993 moves, avg. D41, 021 counts/move
d2d4 g8f6 c2c4 g7g6 b1c3 f8g7 g1f3 e8g8 g2g3 d7d6                               : ....3 268 moves, avg. D36, 022 counts/move
d2d4 g8f6 c2c4 g7g6 g2g3 d7d5 c4d5 f6d5 f1g2 f8g7                               : ......157 moves, avg. D25, 010 counts/move
e2e4 c7c5 g1f3 d7d6 d2d4 c5d4 f3d4 g8f6 b1c3 a7a6 c1e3 e7e6                     : ...38 630 moves, avg. D45, 020 counts/move
c2c4 e7e5 b1c3 g8f6 g1f3 b8c6 g2g3 f8b4 f1g2 d7d6                               : ......739 moves, avg. D45, 016 counts/move
d2d4 g8f6 c2c4 g7g6 b1c3 d7d5 c4d5 f6d5 e2e4 d5c3 b2c3                          : ....8 759 moves, avg. D51, 028 counts/move
e2e4 c7c5 g1f3 d7d6 d2d4 c5d4 f3d4 g8f6 f2f3 a7a6                               : 1 000 000 moves, avg. D35, 052 counts/move
e2e4 c7c6 d2d4 d7d5 e4e5 c8f5 g1f3 e7e6 c2c3 h7h6                               : .......34 moves, avg. D01, 001 counts/move
g1f3 g8f6 c2c4 c7c6 b1c3 d7d5 c4d5 c6d5 d2d4 b8c6                               : ....5 839 moves, avg. D44, 026 counts/move
g1f3 g8f6 c2c4 c7c6 d2d4 e7e6 c1f4 d7d5 e2e3 b8d7                               : .......38 moves, avg. D01, 001 counts/move
g1f3 g8f6 c2c4 c7c6 d2d4 e7e6 e2e3 d7d5 b2b3 f8d6                               : ....6 363 moves, avg. D35, 019 counts/move
e2e4 c7c5 g1e2 g8f6 b1c3 d7d6 g2g3 b8c6 f1g2 e7e5                               : .......70 moves, avg. D31, 012 counts/move
d2d4 g8f6 c2c4 c7c6 e2e3 d7d5 g1f3 b8d7 f1d3 d5c4                               : ......510 moves, avg. D36, 018 counts/move
c2c4 e7e5 b1c3 g8f6 g2g3 f8b4 f1g2 e8g8 g1f3 f8e8                               : .......35 moves, avg. D06, 004 counts/move
c2c4 c7c6 d2d4 g8f6 c1f4 d7d5 e2e3 c8f5 b1c3 e7e6                               : .......45 moves, avg. D01, 001 counts/move
d2d4 g8f6 c2c4 e7e6 b1c3 f8b4 e2e3 e8g8 f1d3 c7c5                               : ......892 moves, avg. D33, 011 counts/move
d2d4 d7d5 g1f3 g8f6 e2e3 e7e6 b1d2 c7c5 f1e2 b8c6                               : .......32 moves, avg. D02, 001 counts/move
e2e4 e7e5 g1f3 b8c6 f1b5 a7a6 b5a4 g8f6 e1g1 f8e7 f1e1 b7b5 a4b3 e8g8 d2d4 c6d4 : ......318 moves, avg. D42, 030 counts/move
e2e4 c7c6 b1c3 d7d5 g1f3 c8g4 h2h3 g4f3 d1f3 e7e6                               : ....3 194 moves, avg. D38, 017 counts/move
g1f3 g8f6 c2c4 e7e6 b1c3 f8b4 e2e3 c7c5 d2d4 e8g8                               : ......812 moves, avg. D33, 010 counts/move
e2e4 c7c5 g1f3 d7d6 d2d4 c5d4 f3d4 g8f6 b1c3 a7a6 c1e3 e7e5 d4b3                : 1 000 000 moves, avg. D35, 053 counts/move
g1f3 d7d5 e2e3 c7c5 b2b3 g8f6 c1b2 e7e6 d2d4 c5d4                               : ......977 moves, avg. D42, 027 counts/move
e2e4 c7c5 g1e2 d7d6 b1c3 g8f6 g2g3 e7e5 f1g2 a7a6                               : ......361 moves, avg. D42, 017 counts/move
d2d4 d7d5 c2c4 c7c6 e2e3 c8f5 g1f3 e7e6 b1c3 b8d7                               : .......86 moves, avg. D28, 013 counts/move
e2e4 e7e5 g1f3 b8c6 d2d4 e5d4 f3d4 f8c5 d4b3 c5b6                               : ......150 moves, avg. D26, 014 counts/move
d2d4 g8f6 g1f3 e7e6 e2e3 b7b6 f1d3 c8b7 b1d2 d7d5                               : ...58 559 moves, avg. D45, 023 counts/move
d2d4 g8f6 c2c4 e7e6 b1c3 f8b4 d1c2 e8g8 a2a3 b4c3                               : ....6 771 moves, avg. D45, 026 counts/move
d2d4 d7d5 c2c4 c7c6 g1f3 g8f6 b1c3 e7e6 c1g5 h7h6 g5h4                          : 1 000 000 moves, avg. D53, 043 counts/move
e2e4 c7c6 b1c3 d7d5 g1f3 c8g4 f1e2 g8f6 e4e5 f6d7                               : ......209 moves, avg. D38, 017 counts/move
g1f3 c7c5 e2e4 b8c6 d2d4 c5d4 f3d4 e7e5 d4b5 d7d6                               : ...24 591 moves, avg. D46, 028 counts/move
d2d4 g8f6 g1f3 e7e6 c2c3 c7c5 e2e3 d7d5 b1d2 b8c6                               : ....3 300 moves, avg. D45, 018 counts/move
g1f3 g8f6 c2c4 b7b6 d2d4 e7e6 g2g3 c8a6 b1d2 a6b7                               : ......428 moves, avg. D34, 026 counts/move
e2e4 c7c5 g1f3 b8c6 f1b5 g7g6 e1g1 f8g7 c2c3 g8f6                               : ......620 moves, avg. D32, 014 counts/move
d2d4 d7d5 c1f4 g8f6 g1f3 c8f5 e2e3 e7e6 f1d3 f6e4                               : .......38 moves, avg. D01, 001 counts/move
e2e4 c7c6 b1c3 d7d5 g1f3 c8g4 d2d4 d5e4 c3e4 e7e6                               : .......39 moves, avg. D01, 001 counts/move
d2d4 g8f6 g1f3 e7e6 e2e3 b7b6 f1d3 d7d5 c2c4 f8d6                               : ...88 379 moves, avg. D45, 026 counts/move
d2d4 g8f6 g1f3 e7e6 e2e3 b7b6 f1d3 d7d5 b2b3 c8b7                               : ...90 985 moves, avg. D44, 023 counts/move
e2e4 c7c6 c2c4 d7d5 e4d5 c6d5 c4d5 g8f6 f1b5 b8d7                               : .......35 moves, avg. D01, 001 counts/move
g1f3 g8f6 c2c4 b7b6 d2d4 e7e6 g2g3 c8a6 b2b3 d7d5                               : ...26 141 moves, avg. D44, 035 counts/move
g1f3 g8f6 c2c4 c7c6 d2d4 e7e6 e2e3 d7d5 f1d3 c6c5                               : ......413 moves, avg. D56, 048 counts/move
e2e4 c7c5 g1e2 g8f6 b1c3 d7d6 d2d3 e7e5 f2f4 b8c6                               : .......25 moves, avg. D01, 001 counts/move
d2d4 g8f6 c2c4 c7c6 e2e3 d7d5 g1f3 c8g4 b1c3 e7e6                               : ......242 moves, avg. D40, 014 counts/move
d2d4 d7d5 g1f3 g8f6 e2e3 e7e6 b1d2 c7c5 f1e2 b7b6                               : .......32 moves, avg. D02, 001 counts/move
e2e4 c7c5 g1f3 d7d6 d2d4 c5d4 f3d4 g8f6 b1c3 a7a6 f2f3                          : 1 000 000 moves, avg. D35, 052 counts/move
c2c4 e7e6 g1f3 d7d5 e2e3 g8f6 d2d4 c7c6 b1d2 c6c5                               : ......654 moves, avg. D37, 014 counts/move
e2e4 c7c6 c2c4 d7d5 e4d5 c6d5 c4d5 g8f6 g1f3 f6d5                               : .......69 moves, avg. D21, 008 counts/move
e2e4 e7e5 g1f3 b8c6 f1b5 a7a6 b5a4 g8f6 e1g1 f8e7 f1e1 b7b5 a4b3 e8g8 a2a4      : 1 000 000 moves, avg. D35, 067 counts/move
c2c4 e7e5 b1c3 g8f6 g2g3 f8b4 f1g2 e8g8 g1f3 e5e4                               : ...11 030 moves, avg. D46, 020 counts/move
g1f3 g8f6 c2c4 b7b6 d2d4 e7e6 b1c3 f8b4 d1b3 d8e7                               : .......29 moves, avg. D01, 001 counts/move
d2d4 g8f6 g1f3 e7e6 e2e3 b7b6 f1d3 d7d5 b2b3 c7c5                               : ...15 669 moves, avg. D48, 022 counts/move
e2e4 c7c6 b1c3 d7d5 g1f3 c8g4 d2d4 e7e6 f1d3 g8f6                               : ......431 moves, avg. D47, 016 counts/move
e2e4 c7c5 g1f3 b8c6 f1b5 g7g6 b5c6 b7c6 d2d4 f8g7                               : .......35 moves, avg. D01, 001 counts/move
c2c4 c7c5 g1f3 g8f6 b1c3 b8c6 g2g3 d7d6 f1g2 c8d7                               : .......31 moves, avg. D01, 001 counts/move
e2e4 c7c6 d2d4 d7d5 e4e5 c6c5 c2c3 b8c6 f1e2 c8f5                               : ......873 moves, avg. D36, 016 counts/move
g1f3 c7c5 c2c4 g8f6 g2g3 g7g6 d2d4 f8g7 d4d5 e7e6                               : .......35 moves, avg. D01, 001 counts/move
e2e4 e7e5 g1f3 b8c6 f1c4 g8f6 d2d3 f8c5 e1g1 a7a6                               : 1 000 000 moves, avg. D36, 020 counts/move
d2d4 g8f6 c2c4 g7g6 b1c3 d7d5 g1f3 f8g7 d1b3 d5c4 b3c4                          : ....1 343 moves, avg. D44, 018 counts/move
c2c4 e7e6 g2g3 g8f6 f1g2 d7d5 g1f3 f8e7 e1g1 e8g8                               : ...96 145 moves, avg. D38, 091 counts/move
e2e4 c7c5 g1f3 d7d6 f1b5 c8d7 b5d7 b8d7 d2d3 g8f6                               : .......35 moves, avg. D02, 001 counts/move
e2e4 c7c6 b1c3 d7d5 g1f3 c8g4 d2d4 e7e6 h2h3 g4f3                               : ......243 moves, avg. D34, 015 counts/move
d2d4 g8f6 c2c4 g7g6 b1c3 f8g7 g1f3 e8g8 g2g3 d7d5                               : .......89 moves, avg. D26, 011 counts/move
d2d4 d7d5 c2c4 c7c6 g1f3 e7e6 e2e3 g8f6 d1c2 b8d7                               : 1 000 000 moves, avg. D39, 033 counts/move
e2e4 c7c5 g1f3 d7d6 f1b5 c8d7 b5d7 d8d7 e1g1 g8f6                               : ......161 moves, avg. D42, 012 counts/move
d2d4 d7d5 c2c4 c7c6 e2e3 c8f5 g1f3 e7e6 b1c3 f8e7                               : .......35 moves, avg. D01, 001 counts/move
e2e4 c7c5 g1f3 b8c6 f1b5 g7g6 e1g1 f8g7 d2d3 d7d6                               : .......35 moves, avg. D01, 001 counts/move
d2d4 d7d5 g1f3 g8f6 e2e3 e7e6 b1d2 c7c5 f1e2 f8e7                               : .......34 moves, avg. D03, 002 counts/move
e2e4 e7e5 g1f3 b8c6 f1b5 a7a6 b5a4 f8e7 c2c3 g8f6                               : ....1 420 moves, avg. D47, 014 counts/move
g1f3 g8f6 d2d4 e7e6 c2c4 d7d5 e2e3 f8e7 b1d2 c7c5                               : .......27 moves, avg. D01, 001 counts/move
d2d4 g8f6 g1f3 e7e6 c2c3 c7c5 c1g5 b7b6 e2e3 c8b7                               : .......37 moves, avg. D01, 001 counts/move
e2e4 e7e5 g1f3 b8c6 f1b5 a7a6 b5a4 g8f6 e1g1 b7b5                               : ...16 627 moves, avg. D39, 022 counts/move
e2e4 c7c6 f1e2 d7d5 e4e5 c6c5 g1f3 e7e6 c2c3 b8c6                               : .......28 moves, avg. D01, 001 counts/move
d2d4 g8f6 c2c4 e7e6 g1f3 b7b6 b1c3 c8b7 a2a3 d7d5                               : ......183 moves, avg. D29, 052 counts/move
c2c4 c7c6 d2d4 d7d5 g1f3 g8f6 e2e3 c8g4 h2h3 g4f3                               : .......68 moves, avg. D19, 008 counts/move
g1f3 g8f6 c2c4 e7e6 b1c3 f8b4 e2e3 c7c5 f1e2 e8g8                               : ......481 moves, avg. D29, 027 counts/move
d2d4 d7d5 c2c4 c7c6 c4d5 c6d5 c1f4 b8c6 e2e3 g8f6                               : ...16 136 moves, avg. D45, 024 counts/move
d2d4 d7d5 c2c4 c7c6 g1f3 e7e6 e2e3 g8f6 d1c2 f8e7                               : .......38 moves, avg. D02, 001 counts/move
d2d4 d7d5 g1f3 g8f6 c1f4 c8f5 e2e3 e7e6 b1c3 f8b4                               : .......34 moves, avg. D01, 001 counts/move
e2e4 c7c6 c2c4 d7d5 e4d5 c6d5 c4d5 g8f6 b1c3 f6d5                               : .......76 moves, avg. D19, 008 counts/move
c2c4 e7e6 g1f3 d7d5 e2e3 g8f6 d2d4 d5c4 b1c3 a7a6                               : ...18 794 moves, avg. D47, 021 counts/move
e2e4 c7c5 g1f3 d7d6 b1c3 e7e5 f1c4 f8e7 h2h3 g8f6                               : .......37 moves, avg. D01, 001 counts/move
g1f3 g8f6 c2c4 e7e6 b1c3 f8b4 e2e3 c7c5 d2d4 d7d5                               : ......141 moves, avg. D26, 012 counts/move
e2e4 c7c5 g1f3 d7d6 f1b5 c8d7 b5d7 b8d7 d2d3 e7e6                               : .......44 moves, avg. D04, 002 counts/move
g1f3 d7d5 e2e3 g8f6 d2d4 e7e6 b2b3 f8d6 c2c4 c7c5                               : .......66 moves, avg. D15, 005 counts/move
e2e4 c7c5 g1f3 e7e6 b1c3 a7a6 f1e2 b8c6 d2d4 c5d4                               : ...68 142 moves, avg. D40, 017 counts/move
c2c4 e7e6 d2d4 d7d5 b1c3 g8f6 c1g5 f8e7 g1f3 e8g8                               : ...39 759 moves, avg. D43, 021 counts/move
e2e4 c7c6 d2d4 d7d5 e4e5 c8f5 g1f3 e7e6 f1e2 g8e7                               : ....9 785 moves, avg. D36, 020 counts/move
e2e4 c7c5 g1f3 b8c6 f1b5 g7g6 b5c6 b7c6 d2d4 c8a6                               : .......38 moves, avg. D03, 009 counts/move
g1f3 d7d5 e2e3 g8f6 d2d4 e7e6 b2b3 f8d6 f1d3 b7b6                               : ...82 881 moves, avg. D44, 026 counts/move
e2e4 e7e5 g1f3 b8c6 f1b5 a7a6 b5a4 f8e7 a4c6 d7c6                               : .......25 moves, avg. D01, 001 counts/move
d2d4 d7d5 c1f4 g8f6 g1f3 c8f5 e2e3 e7e6 f1d3 f5d3                               : ......117 moves, avg. D34, 015 counts/move
d2d4 g8f6 c2c4 c7c6 c1f4 d7d5 e2e3 e7e6 b1c3 f8d6                               : .......43 moves, avg. D01, 001 counts/move
e2e4 c7c5 g1f3 d7d6 d2d4 c5d4 f3d4 g8f6 f2f3 e7e5                               : ......218 moves, avg. D39, 015 counts/move
d2d4 g8f6 c2c4 e7e6 g1f3 b7b6 b1c3 f8b4 d1b3 c7c5                               : .......32 moves, avg. D04, 002 counts/move
d2d4 g8f6 c2c4 e7e6 g1f3 d7d5 b1c3 f8e7 d1c2 c7c5                               : .......45 moves, avg. D03, 001 counts/move
e2e4 c7c5 g1e2 d7d6 b1c3 g8f6 g2g3 g7g6 f1g2 b8c6                               : ......192 moves, avg. D35, 020 counts/move
g1f3 d7d5 d2d4 e7e6 g2g3 c7c5 f1g2 b8c6 e1g1 g8f6                               : ....3 932 moves, avg. D37, 023 counts/move
e2e4 c7c5 g1f3 d7d6 f1b5 b8d7 e1g1 a7a6 b5d3 g8f6                               : ......906 moves, avg. D34, 015 counts/move
e2e4 c7c6 b1c3 d7d5 g1f3 d5e4 c3e4 g8f6 e4f6 e7f6                               : ......246 moves, avg. D27, 010 counts/move
e2e4 c7c5 g1f3 d7d6 c2c3 g8f6 h2h3 e7e5 f1b5 b8d7                               : .......35 moves, avg. D01, 001 counts/move
c2c4 e7e6 g1f3 d7d5 e2e3 c7c5 d2d4 g8f6 b1c3 a7a6                               : ....1 540 moves, avg. D45, 017 counts/move
g1f3 c7c5 e2e4 d7d6 c2c3 g8f6 f1e2 c8d7 d2d3                                    : .......32 moves, avg. D01, 001 counts/move
e2e4 e7e5 g1f3 b8c6 f1c4 g8f6 d2d3 f8c5 b1d2                                    : 1 000 000 moves, avg. D38, 038 counts/move
d2d4 g8f6 g1f3 e7e6 e2e3 b7b6 f1d3 c8b7 e1g1                                    : ...55 836 moves, avg. D44, 024 counts/move
e2e4 c7c5 g1f3 d7d6 c2c3 g8f6 h2h3 b8c6 f1d3                                    : .......36 moves, avg. D02, 004 counts/move
c2c4 c7c6 d2d4 d7d5 g1f3 g8f6 e2e3 b8d7 b1d2 e7e6                               : ......175 moves, avg. D31, 028 counts/move
g1f3 c7c5 e2e4 d7d6 c2c3 g8f6 f1e2 b8d7 d2d3                                    : .......25 moves, avg. D01, 001 counts/move
d2d4 g8f6 c2c4 g7g6 f2f3 c7c5 d4d5 f8g7 b1c3 d7d6 e2e4 e8g8                     : .......35 moves, avg. D02, 001 counts/move
d2d4 d7d5 c2c4 e7e6 c4d5 e6d5 b1c3 g8f6 c1g5 b8d7                               : ...82 156 moves, avg. D40, 018 counts/move
e2e4 e7e5 g1f3 b8c6 f1c4 f8c5 d2d3 a7a6 f3g5 g8h6                               : ...49 462 moves, avg. D47, 017 counts/move
d2d4 d7d5 c1f4 g8f6 b1d2 e7e6 g1f3 f8d6 e2e3 d6f4                               : ......170 moves, avg. D34, 012 counts/move
e2e4 c7c5 g1e2 d7d6 b1c3 g8f6 g2g3 g7g6 d2d4 c5d4                               : ......332 moves, avg. D42, 014 counts/move
e2e4 e7e5 g1f3 g8f6 d2d4 f6e4 f3e5 d7d5 b1d2 f8d6                               : ....1 123 moves, avg. D36, 013 counts/move
e2e4 c7c5 g1f3 b8c6 f1b5 e7e6 e1g1 g8e7 c2c3 a7a6                               : ......103 moves, avg. D19, 010 counts/move
e2e4 e7e5 g1f3 b8c6 f1c4 g8f6 d2d3 f8c5 a2a4 e8g8                               : 1 000 000 moves, avg. D38, 028 counts/move
g1f3 d7d5 g2g3 c7c6 f1g2 g8f6 e1g1 c8f5 d2d3                                    : ......229 moves, avg. D30, 012 counts/move
d2d4 d7d5 c2c4 e7e6 g1f3 g8f6 e2e3 f8d6 b1d2 e8g8                               : ....6 353 moves, avg. D45, 025 counts/move
e2e4 c7c5 g1f3 d7d6 b1c3 e7e5 f1c4 f8e7 d2d3 g8f6                               : ....2 254 moves, avg. D42, 015 counts/move
d2d4 g8f6 g1f3 e7e6 c2c3 c7c5 c1g5 f8e7 b1d2 c5d4                               : .......33 moves, avg. D01, 001 counts/move
e2e4 e7e5 g1f3 b8c6 f1c4 g8f6 d2d3 f8c5 a2a4 h7h6                               : .......78 moves, avg. D16, 015 counts/move
e2e4 c7c6 b1c3 d7d5 g1f3 c8g4 d2d4 e7e6 f1d3 d5e4                               : .......42 moves, avg. D02, 002 counts/move
d2d4 d7d5 g1f3 g8f6 c1f4 c8f5 e2e3 e7e6 b1c3 b8d7                               : .......41 moves, avg. D01, 001 counts/move
e2e4 c7c6 d2d4 d7d5 e4d5 c6d5 g1f3 b8c6 c1f4 c8g4                               : .......41 moves, avg. D02, 001 counts/move
e2e4 e7e6 d2d4 d7d5 b1c3 d5e4 c3e4 b8d7 f1d3 g8f6                               : .......45 moves, avg. D03, 002 counts/move
d2d4 g8f6 g1f3 c7c6 c2c4 d7d5 b1c3 a7a6 e2e3 e7e6                               : ......468 moves, avg. D37, 018 counts/move
d2d4 g8f6 c2c4 e7e6 b1c3 f8b4 f2f3 c7c5 d4d5 b4c3                               : ......521 moves, avg. D37, 023 counts/move
d2d4 d7d5 g1f3 c7c6 c2c4 e7e6 e2e3 g8f6 b2b3 f6e4                               : .......28 moves, avg. D01, 001 counts/move
e2e4 c7c5 g1e2 d7d6 b1c3 g8f6 d2d3 b8c6 d3d4 c5d4                               : .......30 moves, avg. D01, 001 counts/move
d2d4 g8f6 c2c4 e7e6 g1f3 c7c6 g2g3 d7d5 f1g2 f8e7                               : ....7 841 moves, avg. D49, 019 counts/move
g1f3 d7d5 e2e3 g8f6 d2d4 e7e6 b2b3 f8b4 c2c3 b4d6                               : ..116 122 moves, avg. D44, 026 counts/move
e2e4 e7e5 g1f3 b8c6 f1b5 a7a6 b5a4 g8f6 e1g1 f8e7 f1e1 b7b5 a4b3 e8g8 c2c3 d7d5 : 1 000 000 moves, avg. D46, 038 counts/move
e2e4 c7c5 g1f3 b8c6 d2d4 c5d4 f3d4 e7e6 b1c3 a7a6                               : ....6 177 moves, avg. D47, 016 counts/move
d2d4 g8f6 c2c4 e7e6 g1f3 c7c6 g2g3 d7d5 f1g2 d5c4                               : .......72 moves, avg. D16, 009 counts/move
g1f3 g8f6 c2c4 g7g6 g2g3 f8g7 f1g2 e8g8 e1g1                                    : .......26 moves, avg. D02, 001 counts/move
e2e4 c7c5 g1e2 d7d6 b1c3 g8f6 d2d3 e7e5 g2g3                                    : .......33 moves, avg. D01, 001 counts/move
e2e4 e7e5 g1f3 b8c6 f1c4 g8f6 d2d3 f8c5 a2a4 a7a6                               : 1 000 000 moves, avg. D42, 022 counts/move
e2e4 c7c5 g1f3 b8c6 f1b5 g7g6 e1g1 f8g7 f1e1 e7e5                               : ......231 moves, avg. D32, 013 counts/move
g1f3 d7d5 e2e3 g8f6 d2d4 e7e6 b2b3 f8d6 c2c4 b7b6                               : ...71 597 moves, avg. D44, 026 counts/move
e2e4 c7c5 g1f3 d7d6 c2c3 g8f6 f1e2 g7g6 e1g1 f8g7                               : .......29 moves, avg. D02, 001 counts/move
g1f3 g8f6 d2d4 c7c6 c1f4 d8b6 d1c1 d7d6 c2c4                                    : .......36 moves, avg. D01, 001 counts/move
c2c4 c7c6 d2d4 d7d5 g1f3 g8f6 e2e3 c8g4 h2h3 g4h5                               : ......232 moves, avg. D41, 014 counts/move
e2e4 c7c6 d2d4 d7d5 e4d5 c6d5 f1d3 g8f6 g1f3 b8c6                               : ....1 575 moves, avg. D28, 014 counts/move
g1f3 d7d5 g2g3 c7c6 f1g2 g8f6 e1g1 c8f5 c2c4 e7e6                               : ....1 157 moves, avg. D38, 014 counts/move
d2d4 d7d5 g1f3 c7c6 c2c4 g8f6 e2e3 c8f5 b1c3 e7e6                               : ...27 661 moves, avg. D42, 020 counts/move
e2e4 e7e5 g1f3 b8c6 f1c4 g8f6 d2d3 f8c5 h2h3                                    : 1 000 000 moves, avg. D37, 035 counts/move
d2d4 d7d5 c2c4 e7e6 c4d5 e6d5 b1c3 c7c6 c1f4 f8d6                               : ......680 moves, avg. D33, 014 counts/move
g1f3 c7c5 e2e4 d7d6 c2c3 g8f6 f1d3 c8g4 d3c2 e7e6                               : .......26 moves, avg. D01, 001 counts/move
g1f3 g8f6 c2c4 b7b6 d2d4 e7e6 g2g3 c8a6 d1c2 c7c5                               : ....1 557 moves, avg. D43, 049 counts/move
c2c4 c7c5 g1f3 g8f6 b1c3 b8c6 g2g3 d7d6 f1g2 g7g6                               : ......115 moves, avg. D28, 021 counts/move
g1f3 g8f6 g2g3 d7d5 d2d4 c7c5 f1g2 c5d4 e1g1 h7h6                               : ...12 079 moves, avg. D60, 020 counts/move
e2e4 c7c6 d2d4 d7d5 e4e5 c6c5 g1f3 b8c6 d4c5 e7e6                               : ......725 moves, avg. D39, 013 counts/move
d2d4 d7d5 c2c4 e7e6 b1c3 f8e7 c4d5 e6d5 c1f4 c7c6                               : ......614 moves, avg. D42, 015 counts/move
e2e4 c7c5 g1f3 d7d6 b1c3 e7e5 f1c4 f8e7 e1g1 g8f6                               : ......608 moves, avg. D39, 014 counts/move
c2c4 e7e6 d2d4 d7d5 b1c3 g8f6 g1f3 c7c6 c1g5 d5c4                               : ..265 705 moves, avg. D45, 056 counts/move
d2d4 d7d5 c2c4 c7c6 c4d5 c6d5 c1f4 b8c6 g1f3 g8f6                               : ....5 832 moves, avg. D44, 026 counts/move
c2c4 c7c5 g1f3 g8f6 b1c3 e7e6 d2d4 c5d4 f3d4 a7a6                               : .......42 moves, avg. D05, 009 counts/move
g1f3 c7c5 e2e4 b8c6 d2d4 c5d4 f3d4 d8c7 f1e2 e7e6                               : ...71 883 moves, avg. D40, 017 counts/move
d2d4 g8f6 g1f3 c7c6 c2c4 e7e6 e2e3 d7d5 f1d3 f8d6                               : ......104 moves, avg. D19, 008 counts/move
e2e4 c7c5 g1f3 d7d6 f1b5 c8d7 b5d7 b8d7 d1e2 g8f6                               : ......146 moves, avg. D40, 012 counts/move
g1f3 g8f6 c2c4 b7b6 d2d4 e7e6 g2g3 c8a6 b1d2 f8b4                               : ......929 moves, avg. D37, 082 counts/move
g1f3 d7d5 e2e3 g8f6 d2d4 e7e6 b2b3 f8d6 c2c4 e8g8                               : ...41 617 moves, avg. D44, 026 counts/move
d2d4 d7d5 c2c4 e7e6 g1f3 g8f6 e2e3 f8e7 b1c3 e8g8                               : ....8 530 moves, avg. D51, 022 counts/move
e2e4 c7c5 g1f3 d7d6 c2c3 g8f6 f1e2 c8d7 d1c2 d8c7                               : .......33 moves, avg. D01, 001 counts/move
d2d4 g8f6 c2c4 g7g6 g2g3 c7c6 f1g2 d7d5 d1a4                                    : .......42 moves, avg. D02, 001 counts/move
d2d4 g8f6 c2c4 e7e6 g1f3 b7b6 b1c3 f8b4 d1c2 c8b7                               : .......36 moves, avg. D02, 001 counts/move
e2e4 c7c5 c2c3 g8f6 e4e5 f6d5 g1f3 b8c6 d2d4 c5d4                               : ......818 moves, avg. D42, 024 counts/move
c2c4 c7c6 d2d4 d7d5 g1f3 e7e6 g2g3 d5c4 f1g2 b7b5                               : ......304 moves, avg. D41, 019 counts/move
d2d4 g8f6 c2c4 g7g6 b1c3 f8g7 e2e4 d7d6 g1f3 e8g8                               : ...40 942 moves, avg. D38, 019 counts/move
c2c4 c7c5 g1f3 b8c6 b1c3 g8f6 g2g3 d7d5 d2d4 e7e6                               : ...30 439 moves, avg. D54, 020 counts/move
d2d4 d7d5 c2c4 e7e6 b1c3 g8f6 c4d5 e6d5 c1g5 c7c6                               : 1 000 000 moves, avg. D35, 027 counts/move
c2c4 c7c5 g1f3 b8c6 b1c3 g8f6 g2g3 d7d6 d2d4 c5d4                               : ......111 moves, avg. D27, 021 counts/move
d2d4 d7d5 c1f4 c7c5 e2e3 b8c6 g1f3 c8g4 c2c3 e7e6                               : ......140 moves, avg. D20, 010 counts/move
e2e4 c7c5 g1f3 b8c6 f1b5 g7g6 b5c6 b7c6 d2d4 c5d4                               : .......35 moves, avg. D01, 001 counts/move
g1f3 c7c5 c2c4 g8f6 g2g3 g7g6 f1g2 f8g7 d2d4 e8g8                               : ......692 moves, avg. D37, 016 counts/move
g1f3 c7c5 c2c4 g8f6 g2g3 g7g6 f1g2 f8g7 d2d4 c5d4                               : ......398 moves, avg. D34, 014 counts/move
g1f3 d7d5 g2g3 g8f6 d2d4 e7e6 f1g2 f8b4 c2c3 b4e7                               : ..250 957 moves, avg. D38, 086 counts/move
g1f3 c7c5 c2c4 g8f6 g2g3 g7g6 d2d4 f8g7 f1g2 d8a5                               : .......76 moves, avg. D42, 012 counts/move
e2e4 c7c5 g1f3 d7d6 d2d4 c5d4 f3d4 g8f6 b1c3 a7a6 h2h3                          : ...26 866 moves, avg. D47, 021 counts/move
e2e4 e7e5 g1f3 b8c6 f1b5 a7a6 b5a4 g8f6 e1g1 f8e7 d2d3                          : ..533 780 moves, avg. D40, 020 counts/move
e2e4 c7c5 g1f3 b8c6 f1b5 g7g6 e1g1 f8g7 b1c3                                    : ....1 210 moves, avg. D32, 011 counts/move
c2c4 e7e5 b1c3 g8f6 g1f3 b8c6 a2a3                                              : ....1 563 moves, avg. D42, 026 counts/move
e2e4 c7c5 g1f3 d7d6 d2d4 c5d4 d1d4 b8c6 d4e3                                    : .......31 moves, avg. D01, 001 counts/move
g1f3 d7d5 g2g3 c7c6 f1g2 g8f6 d2d4 c8f5 f3h4                                    : ......117 moves, avg. D29, 023 counts/move
e2e4 c7c6 b1c3 d7d5 d2d4 d5e4 c3e4 c8f5 e4g3 f5g6                               : ...30 711 moves, avg. D43, 019 counts/move
e2e4 e7e6 d2d4 d7d5 b1d2 c7c5 g1f3 c5d4 e4d5 d8d5 f1c4                          : ....8 807 moves, avg. D34, 015 counts/move
d2d4 d7d5 c2c4 c7c6 b1c3 g8f6 e2e3 e7e6 b2b3                                    : 1 000 000 moves, avg. D37, 033 counts/move
g1f3 g8f6 d2d4 d7d5 c1f4 c7c5 e2e3 e7e6 f1e2                                    : ....3 025 moves, avg. D37, 036 counts/move
g1f3 g8f6 c2c4 b7b6 g2g3 e7e6 f1g2 c8b7 e1g1                                    : ....2 557 moves, avg. D40, 024 counts/move
c2c4 c7c5 g1f3 g8f6 b1c3 e7e6 e2e4 b8c6 d2d4 c5d4 f3d4                          : ....6 036 moves, avg. D47, 020 counts/move
c2c4 e7e6 g1f3 d7d5 e2e3 g8f6 d2d4 f8e7 b1d2                                    : .......37 moves, avg. D10, 004 counts/move
e2e4 c7c5 g1f3 d7d6 f1b5 b8d7 a2a4 g8f6 b1c3 g7g6                               : .......35 moves, avg. D01, 001 counts/move
g1f3 d7d5 g2g3 c7c6 f1g2 g8f6 c2c4                                              : ...14 386 moves, avg. D50, 019 counts/move
d2d4 d7d5 c2c4 c7c6 g1f3 g8f6 b1c3 e7e6 e2e3 b8d7 f1e2                          : 1 000 000 moves, avg. D38, 033 counts/move
e2e4 c7c6 b1c3 d7d5 g1f3 c8g4 h2h3 g4h5                                         : .......30 moves, avg. D03, 001 counts/move
c2c4 e7e5 b1c3 g8f6 g1f3 b8c6 e2e3 f8b4                                         : ....4 150 moves, avg. D44, 021 counts/move
e2e4 c7c5 g1f3 d7d6 d2d4 c5d4 d1d4 a7a6 b1c3                                    : ......400 moves, avg. D43, 016 counts/move
e2e4 e7e5 g1f3 b8c6 f1b5 a7a6 b5a4 g8f6 e1g1 f8e7 f1e1 b7b5 a4b3 e8g8 d2d3 d7d6 : 1 000 000 moves, avg. D35, 065 counts/move
c2c4 g8f6 g1f3 c7c5 b1c3 e7e6 g2g3 b8c6 f1g2                                    : ...33 809 moves, avg. D54, 019 counts/move
e2e4 c7c6 d2d4 d7d5 e4e5 c8f5 g1f3 e7e6 f1e2 b8d7 e1g1 g8e7                     : ....3 325 moves, avg. D36, 020 counts/move
g1f3 d7d5 g2g3 c7c6 f1g2 g8f6 d2d4 c8f5 e1g1                                    : ......215 moves, avg. D42, 019 counts/move
c2c4 e7e5 b1c3 g8f6 g1f3 b8c6 e2e4 f8b4 d2d3                                    : 1 000 000 moves, avg. D39, 035 counts/move
g1f3 g8f6 d2d4 d7d5 c1f4 c7c5 e2e3 b8c6 f1e2                                    : ......672 moves, avg. D43, 018 counts/move
e2e4 e7e5 g1f3 b8c6 f1b5 a7a6 b5a4 g8f6 e1g1 f8e7 a4c6 d7c6                     : ....1 017 moves, avg. D31, 047 counts/move
g1f3 c7c5 c2c4 g8f6 g2g3 g7g6 f1g2 b8c6 b1c3 f8g7                               : ......396 moves, avg. D34, 014 counts/move
c2c4 c7c5 g1f3 g8f6 b1c3 e7e6 g2g3 d7d5 c4d5 e6d5 d2d4                          : ...29 984 moves, avg. D54, 020 counts/move
g1f3 c7c5 c2c4 g8f6 g2g3 g7g6 d2d4 f8g7 d4d5 d7d6                               : .......33 moves, avg. D01, 001 counts/move
e2e4 e7e5 g1f3 b8c6 f1b5 a7a6 b5a4 g8f6 e1g1 f8e7 f1e1 b7b5 a4b3 e8g8 h2h3 c8b7 : ....8 790 moves, avg. D44, 028 counts/move
e2e4 c7c6 d2d4 d7d5 e4e5 c8f5 g1f3 e7e6 f1e2 b8d7 c2c3 f7f6 e1g1 d8c7           : .......34 moves, avg. D02, 001 counts/move
d2d4 d7d5 c2c4 c7c6 g1f3 g8f6 b1c3 e7e6 e2e3 b8d7 d1c2 f8d6                     : 1 000 000 moves, avg. D39, 033 counts/move
c2c4 c7c5 g1f3 g8f6 b1c3 e7e6 e2e4 b8c6 f1e2                                    : ......259 moves, avg. D33, 008 counts/move
e2e4 c7c6 f1e2 d7d5 e4e5 c6c5 g1f3 e7e6 c2c3 d5d4                               : ......192 moves, avg. D25, 016 counts/move
d2d4 g8f6 g1f3 e7e6 e2e3 b7b6 c2c4 c8b7 f1d3 d7d5                               : ...36 776 moves, avg. D45, 026 counts/move
e2e4 c7c5 g1f3 d7d6 d2d4 c5d4 d1d4 a7a6 c1e3 b8c6                               : .......48 moves, avg. D01, 001 counts/move
d2d4 g8f6 g1f3 e7e6 c2c3 c7c5 e2e3 d7d5 b1d2 b8d7                               : ......258 moves, avg. D27, 037 counts/move
e2e4 c7c5 c2c3 d7d5 e4d5 d8d5 d2d4 g8f6 g1f3 b8c6                               : ......175 moves, avg. D24, 006 counts/move
e2e4 e7e6 d2d4 d7d5 b1c3 g8f6 c1g5 d5e4 c3e4 f8e7                               : ....2 486 moves, avg. D39, 054 counts/move
e2e4 c7c5 g1f3 d7d6 b1c3 e7e5 f1c4 f8e7 e1g1 b8c6                               : ......469 moves, avg. D38, 014 counts/move
e2e4 e7e5 g1f3 b8c6 d2d4 e5d4 f3d4 f8c5 d4c6 d8f6                               : ......224 moves, avg. D29, 011 counts/move
e2e4 c7c5 g1f3 d7d6 f1b5 b8d7 e1g1 a7a6 b5d7 c8d7                               : ......164 moves, avg. D41, 001 counts/move
d2d4 d7d5 c1f4 c7c5 e2e3 b8c6 g1f3 g8f6 b1d2 e7e6                               : ..563 273 moves, avg. D51, 021 counts/move
e2e4 e7e5 g1f3 b8c6 f1c4 f8c5 e1g1 g8f6 d2d3 d7d6 c2c3 e8g8 c1g5                : 1 000 000 moves, avg. D41, 072 counts/move
d2d4 d7d5 c2c4 c7c6 g1f3 g8f6 b1c3 e7e6 c1g5 h7h6 g5f6 d8f6 e2e3 b8d7 f1d3      : ..200 272 moves, avg. D51, 028 counts/move
e2e4 e7e5 g1f3 b8c6 f1c4 f8c5 e1g1 g8f6 d2d3 d7d6 c2c3 e8g8 h2h3                : 1 000 000 moves, avg. D39, 037 counts/move
d2d4 d7d5 e2e3 g8f6 g1f3 e7e6 b2b3 c7c5 c1b2 f8e7                               : ....9 319 moves, avg. D42, 016 counts/move
g1f3 c7c5 c2c4 b8c6 e2e3 g8f6 d2d4 c5d4 e3d4 d7d5                               : ....1 304 moves, avg. D47, 019 counts/move
e2e4 c7c6 d2d4 d7d5 e4e5 c8f5 c2c3 e7e6 g1f3 c6c5                               : ......872 moves, avg. D36, 016 counts/move
d2d4 d7d5 c2c4 c7c6 g1f3 g8f6 b1c3 e7e6 c1g5 h7h6 g5f6 d8f6 e2e3 b8d7 f1e2      : ..787 282 moves, avg. D51, 027 counts/move
e2e4 e7e5 g1f3 b8c6 f1c4 g8f6 d2d3 f8c5 a2a4 a7a5                               : ....1 657 moves, avg. D52, 023 counts/move
d2d4 d7d5 c2c4 e7e6 g1f3 g8f6 e2e3 f8e7 a2a3 e8g8                               : ......159 moves, avg. D26, 003 counts/move
d2d4 g8f6 c2c4 g7g6 f2f3 c7c5 d4d5 f8g7 e2e4 d7d6                               : .......56 moves, avg. D11, 009 counts/move
e2e4 c7c6 b1c3 d7d5 g1f3 c8g4 f1e2 e7e6 e1g1                                    : .......40 moves, avg. D01, 001 counts/move
d2d4 d7d5 c2c4 c7c6 g1f3 g8f6 b1c3 e7e6 c1g5 h7h6 g5f6 d8f6                     : 1 000 000 moves, avg. D47, 031 counts/move
g1f3 c7c5 c2c4 g8f6 g2g3 d7d5 c4d5 f6d5 b1c3                                    : ....1 133 moves, avg. D46, 021 counts/move

Experience Rate : 44%
